In file included from /usr/include/c++/4.8.2/mutex:35:0,
                 from ../../../../libs/openFrameworks/events/ofEvent.h:5,
                 from ../../../../libs/openFrameworks/events/ofEventUtils.h:4,
                 from ../../../../libs/openFrameworks/events/ofEvents.h:4,
                 from /home/student/Assignment3/OpenISS/openFrameworks/libs/openFrameworks/utils/ofURLFileLoader.h:3,
                 from /home/student/Assignment3/OpenISS/openFrameworks/libs/openFrameworks/ofMain.h:11,
                 from main.cpp:1:
/usr/include/c++/4.8.2/bits/c++0x_warning.h:32:2: error: #error This file requires compiler and library support for the ISO C++ 2011 standard. This support is currently experimental, and must be enabled with the -std=c++11 or -std=gnu++11 compiler options.
 #error This file requires compiler and library support for the \
  ^
In file included from /home/student/Assignment3/OpenISS/openFrameworks/libs/openFrameworks/utils/ofJson.h:3:0,
                 from /home/student/Assignment3/OpenISS/openFrameworks/libs/openFrameworks/ofMain.h:21,
                 from main.cpp:1:
../../../../libs/json/include/json.hpp:67:10: error: #error "unsupported GCC version - see https://github.com/nlohmann/json#supported-compilers"
         #error "unsupported GCC version - see https://github.com/nlohmann/json#supported-compilers"
          ^
In file included from /usr/local/include/glm/gtx/norm.hpp:18:0,
                 from ../../../../libs/openFrameworks/math/ofVectorMath.h:28,
                 from /home/student/Assignment3/OpenISS/openFrameworks/libs/openFrameworks/ofMain.h:37,
                 from main.cpp:1:
/usr/local/include/glm/gtx/quaternion.hpp:24:3: error: #error "GLM: GLM_GTX_quaternion is an experimental extension and may change in the future. Use #define GLM_ENABLE_EXPERIMENTAL before including it, if you really want to use it."
 # error "GLM: GLM_GTX_quaternion is an experimental extension and may change in the future. Use #define GLM_ENABLE_EXPERIMENTAL before including it, if you really want to use it."
   ^
In file included from ../../../../libs/openFrameworks/math/ofVectorMath.h:28:0,
                 from /home/student/Assignment3/OpenISS/openFrameworks/libs/openFrameworks/ofMain.h:37,
                 from main.cpp:1:
/usr/local/include/glm/gtx/norm.hpp:21:3: error: #error "GLM: GLM_GTX_norm is an experimental extension and may change in the future. Use #define GLM_ENABLE_EXPERIMENTAL before including it, if you really want to use it."
 # error "GLM: GLM_GTX_norm is an experimental extension and may change in the future. Use #define GLM_ENABLE_EXPERIMENTAL before including it, if you really want to use it."
   ^
In file included from /usr/local/include/glm/gtx/perpendicular.hpp:18:0,
                 from ../../../../libs/openFrameworks/math/ofVectorMath.h:29,
                 from /home/student/Assignment3/OpenISS/openFrameworks/libs/openFrameworks/ofMain.h:37,
                 from main.cpp:1:
/usr/local/include/glm/gtx/projection.hpp:19:3: error: #error "GLM: GLM_GTX_projection is an experimental extension and may change in the future. Use #define GLM_ENABLE_EXPERIMENTAL before including it, if you really want to use it."
 # error "GLM: GLM_GTX_projection is an experimental extension and may change in the future. Use #define GLM_ENABLE_EXPERIMENTAL before including it, if you really want to use it."
   ^
In file included from ../../../../libs/openFrameworks/math/ofVectorMath.h:29:0,
                 from /home/student/Assignment3/OpenISS/openFrameworks/libs/openFrameworks/ofMain.h:37,
                 from main.cpp:1:
/usr/local/include/glm/gtx/perpendicular.hpp:21:3: error: #error "GLM: GLM_GTX_perpendicular is an experimental extension and may change in the future. Use #define GLM_ENABLE_EXPERIMENTAL before including it, if you really want to use it."
 # error "GLM: GLM_GTX_perpendicular is an experimental extension and may change in the future. Use #define GLM_ENABLE_EXPERIMENTAL before including it, if you really want to use it."
   ^
In file included from /usr/local/include/glm/gtx/rotate_vector.hpp:17:0,
                 from ../../../../libs/openFrameworks/math/ofVectorMath.h:31,
                 from /home/student/Assignment3/OpenISS/openFrameworks/libs/openFrameworks/ofMain.h:37,
                 from main.cpp:1:
/usr/local/include/glm/gtx/transform.hpp:23:3: error: #error "GLM: GLM_GTX_transform is an experimental extension and may change in the future. Use #define GLM_ENABLE_EXPERIMENTAL before including it, if you really want to use it."
 # error "GLM: GLM_GTX_transform is an experimental extension and may change in the future. Use #define GLM_ENABLE_EXPERIMENTAL before including it, if you really want to use it."
   ^
In file included from ../../../../libs/openFrameworks/math/ofVectorMath.h:31:0,
                 from /home/student/Assignment3/OpenISS/openFrameworks/libs/openFrameworks/ofMain.h:37,
                 from main.cpp:1:
/usr/local/include/glm/gtx/rotate_vector.hpp:23:3: error: #error "GLM: GLM_GTX_rotate_vector is an experimental extension and may change in the future. Use #define GLM_ENABLE_EXPERIMENTAL before including it, if you really want to use it."
 # error "GLM: GLM_GTX_rotate_vector is an experimental extension and may change in the future. Use #define GLM_ENABLE_EXPERIMENTAL before including it, if you really want to use it."
   ^
In file included from /usr/local/include/glm/gtx/spline.hpp:17:0,
                 from ../../../../libs/openFrameworks/math/ofVectorMath.h:32,
                 from /home/student/Assignment3/OpenISS/openFrameworks/libs/openFrameworks/ofMain.h:37,
                 from main.cpp:1:
/usr/local/include/glm/gtx/optimum_pow.hpp:19:3: error: #error "GLM: GLM_GTX_optimum_pow is an experimental extension and may change in the future. Use #define GLM_ENABLE_EXPERIMENTAL before including it, if you really want to use it."
 # error "GLM: GLM_GTX_optimum_pow is an experimental extension and may change in the future. Use #define GLM_ENABLE_EXPERIMENTAL before including it, if you really want to use it."
   ^
In file included from ../../../../libs/openFrameworks/math/ofVectorMath.h:32:0,
                 from /home/student/Assignment3/OpenISS/openFrameworks/libs/openFrameworks/ofMain.h:37,
                 from main.cpp:1:
/usr/local/include/glm/gtx/spline.hpp:20:3: error: #error "GLM: GLM_GTX_spline is an experimental extension and may change in the future. Use #define GLM_ENABLE_EXPERIMENTAL before including it, if you really want to use it."
 # error "GLM: GLM_GTX_spline is an experimental extension and may change in the future. Use #define GLM_ENABLE_EXPERIMENTAL before including it, if you really want to use it."
   ^
In file included from ../../../../libs/openFrameworks/math/ofVectorMath.h:34:0,
                 from /home/student/Assignment3/OpenISS/openFrameworks/libs/openFrameworks/ofMain.h:37,
                 from main.cpp:1:
/usr/local/include/glm/gtx/vector_angle.hpp:24:3: error: #error "GLM: GLM_GTX_vector_angle is an experimental extension and may change in the future. Use #define GLM_ENABLE_EXPERIMENTAL before including it, if you really want to use it."
 # error "GLM: GLM_GTX_vector_angle is an experimental extension and may change in the future. Use #define GLM_ENABLE_EXPERIMENTAL before including it, if you really want to use it."
   ^
In file included from ../../../../libs/openFrameworks/math/ofVectorMath.h:35:0,
                 from /home/student/Assignment3/OpenISS/openFrameworks/libs/openFrameworks/ofMain.h:37,
                 from main.cpp:1:
/usr/local/include/glm/gtx/scalar_multiplication.hpp:20:3: error: #error "GLM: GLM_GTX_scalar_multiplication is an experimental extension and may change in the future. Use #define GLM_ENABLE_EXPERIMENTAL before including it, if you really want to use it."
 # error "GLM: GLM_GTX_scalar_multiplication is an experimental extension and may change in the future. Use #define GLM_ENABLE_EXPERIMENTAL before including it, if you really want to use it."
   ^
In file included from /home/student/Assignment3/OpenISS/openFrameworks/libs/openFrameworks/ofMain.h:6:0,
                 from main.cpp:1:
/home/student/Assignment3/OpenISS/openFrameworks/libs/openFrameworks/utils/ofConstants.h:414:31: warning: variadic templates only available with -std=c++11 or -std=gnu++11 [enabled by default]
 template <typename T, typename... Args>
                               ^
/home/student/Assignment3/OpenISS/openFrameworks/libs/openFrameworks/utils/ofConstants.h:415:1: error: ‘unique_ptr’ in namespace ‘std’ does not name a type
 std::unique_ptr<T> make_unique_helper(std::false_type, Args&&... args) {
 ^
/home/student/Assignment3/OpenISS/openFrameworks/libs/openFrameworks/utils/ofConstants.h:419:31: warning: variadic templates only available with -std=c++11 or -std=gnu++11 [enabled by default]
 template <typename T, typename... Args>
                               ^
/home/student/Assignment3/OpenISS/openFrameworks/libs/openFrameworks/utils/ofConstants.h:420:1: error: ‘unique_ptr’ in namespace ‘std’ does not name a type
 std::unique_ptr<T> make_unique_helper(std::true_type, Args&&... args) {
 ^
/home/student/Assignment3/OpenISS/openFrameworks/libs/openFrameworks/utils/ofConstants.h:428:31: warning: variadic templates only available with -std=c++11 or -std=gnu++11 [enabled by default]
 template <typename T, typename... Args>
                               ^
/home/student/Assignment3/OpenISS/openFrameworks/libs/openFrameworks/utils/ofConstants.h:429:1: error: ‘unique_ptr’ in namespace ‘std’ does not name a type
 std::unique_ptr<T> make_unique(Args&&... args) {
 ^
In file included from /home/student/Assignment3/OpenISS/openFrameworks/libs/openFrameworks/ofMain.h:8:0,
                 from main.cpp:1:
/home/student/Assignment3/OpenISS/openFrameworks/libs/openFrameworks/utils/ofLog.h:115:18: warning: scoped enums only available with -std=c++11 or -std=gnu++11 [enabled by default]
 enum ofLogLevel: short{
                  ^
/home/student/Assignment3/OpenISS/openFrameworks/libs/openFrameworks/utils/ofLog.h:261:30: error: variable or field ‘ofSetLoggerChannel’ declared void
 void ofSetLoggerChannel(std::shared_ptr<ofBaseLoggerChannel> loggerChannel);
                              ^
/home/student/Assignment3/OpenISS/openFrameworks/libs/openFrameworks/utils/ofLog.h:261:25: error: ‘shared_ptr’ is not a member of ‘std’
 void ofSetLoggerChannel(std::shared_ptr<ofBaseLoggerChannel> loggerChannel);
                         ^
/home/student/Assignment3/OpenISS/openFrameworks/libs/openFrameworks/utils/ofLog.h:261:25: note: suggested alternative:
In file included from /usr/include/boost/throw_exception.hpp:43:0,
                 from /usr/include/boost/smart_ptr/shared_ptr.hpp:31,
                 from /usr/include/boost/shared_ptr.hpp:17,
                 from /usr/include/boost/filesystem/path.hpp:29,
                 from /usr/include/boost/filesystem.hpp:16,
                 from /home/student/Assignment3/OpenISS/openFrameworks/libs/openFrameworks/utils/ofFileUtils.h:20,
                 from /home/student/Assignment3/OpenISS/openFrameworks/libs/openFrameworks/ofMain.h:7,
                 from main.cpp:1:
/usr/include/boost/exception/exception.hpp:148:11: note:   ‘boost::shared_ptr’
     class shared_ptr;
           ^
In file included from /home/student/Assignment3/OpenISS/openFrameworks/libs/openFrameworks/ofMain.h:8:0,
                 from main.cpp:1:
/home/student/Assignment3/OpenISS/openFrameworks/libs/openFrameworks/utils/ofLog.h:261:60: error: expected primary-expression before ‘>’ token
 void ofSetLoggerChannel(std::shared_ptr<ofBaseLoggerChannel> loggerChannel);
                                                            ^
/home/student/Assignment3/OpenISS/openFrameworks/libs/openFrameworks/utils/ofLog.h:261:62: error: ‘loggerChannel’ was not declared in this scope
 void ofSetLoggerChannel(std::shared_ptr<ofBaseLoggerChannel> loggerChannel);
                                                              ^
/home/student/Assignment3/OpenISS/openFrameworks/libs/openFrameworks/utils/ofLog.h:264:1: error: ‘shared_ptr’ in namespace ‘std’ does not name a type
 std::shared_ptr<ofBaseLoggerChannel> ofGetLoggerChannel();
 ^
/home/student/Assignment3/OpenISS/openFrameworks/libs/openFrameworks/utils/ofLog.h:455:31: error: ‘std::shared_ptr’ has not been declared
   static void setChannel(std::shared_ptr<ofBaseLoggerChannel> channel);
                               ^
/home/student/Assignment3/OpenISS/openFrameworks/libs/openFrameworks/utils/ofLog.h:455:41: error: expected ‘,’ or ‘...’ before ‘<’ token
   static void setChannel(std::shared_ptr<ofBaseLoggerChannel> channel);
                                         ^
/home/student/Assignment3/OpenISS/openFrameworks/libs/openFrameworks/utils/ofLog.h:458:10: error: ‘shared_ptr’ in namespace ‘std’ does not name a type
   static std::shared_ptr<ofBaseLoggerChannel> getChannel();
          ^
/home/student/Assignment3/OpenISS/openFrameworks/libs/openFrameworks/utils/ofLog.h:520:10: error: ‘shared_ptr’ in namespace ‘std’ does not name a type
   static std::shared_ptr<ofBaseLoggerChannel> & channel(); ///< The target channel.
          ^
In file included from /usr/include/c++/4.8.2/atomic:41:0,
                 from ../../../../libs/openFrameworks/events/ofEvent.h:9,
                 from ../../../../libs/openFrameworks/events/ofEventUtils.h:4,
                 from ../../../../libs/openFrameworks/events/ofEvents.h:4,
                 from /home/student/Assignment3/OpenISS/openFrameworks/libs/openFrameworks/utils/ofURLFileLoader.h:3,
                 from /home/student/Assignment3/OpenISS/openFrameworks/libs/openFrameworks/ofMain.h:11,
                 from main.cpp:1:
/usr/include/c++/4.8.2/bits/atomic_base.h:70:3: error: ‘constexpr’ does not name a type
   constexpr memory_order
   ^
/usr/include/c++/4.8.2/bits/atomic_base.h:70:3: note: C++11 ‘constexpr’ only available with -std=c++11 or -std=gnu++11
/usr/include/c++/4.8.2/bits/atomic_base.h:76:3: error: ‘constexpr’ does not name a type
   constexpr memory_order
   ^
/usr/include/c++/4.8.2/bits/atomic_base.h:76:3: note: C++11 ‘constexpr’ only available with -std=c++11 or -std=gnu++11
/usr/include/c++/4.8.2/bits/atomic_base.h:83:3: error: ‘constexpr’ does not name a type
   constexpr memory_order
   ^
/usr/include/c++/4.8.2/bits/atomic_base.h:83:3: note: C++11 ‘constexpr’ only available with -std=c++11 or -std=gnu++11
/usr/include/c++/4.8.2/bits/atomic_base.h:90:3: error: ‘constexpr’ does not name a type
   constexpr memory_order
   ^
/usr/include/c++/4.8.2/bits/atomic_base.h:90:3: note: C++11 ‘constexpr’ only available with -std=c++11 or -std=gnu++11
/usr/include/c++/4.8.2/bits/atomic_base.h:98:41: error: expected initializer before ‘noexcept’
   atomic_thread_fence(memory_order __m) noexcept
                                         ^
/usr/include/c++/4.8.2/bits/atomic_base.h:102:41: error: expected initializer before ‘noexcept’
   atomic_signal_fence(memory_order __m) noexcept
                                         ^
/usr/include/c++/4.8.2/bits/atomic_base.h:108:30: error: expected initializer before ‘noexcept’
     kill_dependency(_Tp __y) noexcept
                              ^
/usr/include/c++/4.8.2/bits/atomic_base.h:156:25: error: ‘char16_t’ was not declared in this scope
   typedef __atomic_base<char16_t>    atomic_char16_t;
                         ^
/usr/include/c++/4.8.2/bits/atomic_base.h:156:33: error: template argument 1 is invalid
   typedef __atomic_base<char16_t>    atomic_char16_t;
                                 ^
/usr/include/c++/4.8.2/bits/atomic_base.h:156:53: error: invalid type in declaration before ‘;’ token
   typedef __atomic_base<char16_t>    atomic_char16_t;
                                                     ^
/usr/include/c++/4.8.2/bits/atomic_base.h:159:25: error: ‘char32_t’ was not declared in this scope
   typedef __atomic_base<char32_t>    atomic_char32_t;
                         ^
/usr/include/c++/4.8.2/bits/atomic_base.h:159:33: error: template argument 1 is invalid
   typedef __atomic_base<char32_t>    atomic_char32_t;
                                 ^
/usr/include/c++/4.8.2/bits/atomic_base.h:159:53: error: invalid type in declaration before ‘;’ token
   typedef __atomic_base<char32_t>    atomic_char32_t;
                                                     ^
/usr/include/c++/4.8.2/bits/atomic_base.h:162:25: error: ‘char32_t’ was not declared in this scope
   typedef __atomic_base<char32_t>    atomic_char32_t;
                         ^
/usr/include/c++/4.8.2/bits/atomic_base.h:162:33: error: template argument 1 is invalid
   typedef __atomic_base<char32_t>    atomic_char32_t;
                                 ^
/usr/include/c++/4.8.2/bits/atomic_base.h:162:53: error: invalid type in declaration before ‘;’ token
   typedef __atomic_base<char32_t>    atomic_char32_t;
                                                     ^
/usr/include/c++/4.8.2/bits/atomic_base.h:273:17: error: expected ‘;’ at end of member declaration
     atomic_flag() noexcept = default;
                 ^
/usr/include/c++/4.8.2/bits/atomic_base.h:273:19: error: ‘noexcept’ does not name a type
     atomic_flag() noexcept = default;
                   ^
/usr/include/c++/4.8.2/bits/atomic_base.h:274:18: error: expected ‘;’ at end of member declaration
     ~atomic_flag() noexcept = default;
                  ^
/usr/include/c++/4.8.2/bits/atomic_base.h:274:20: error: ‘noexcept’ does not name a type
     ~atomic_flag() noexcept = default;
                    ^
/usr/include/c++/4.8.2/bits/atomic_base.h:280:5: error: ‘constexpr’ does not name a type
     constexpr atomic_flag(bool __i) noexcept
     ^
/usr/include/c++/4.8.2/bits/atomic_base.h:280:5: note: C++11 ‘constexpr’ only available with -std=c++11 or -std=gnu++11
/usr/include/c++/4.8.2/bits/atomic_base.h:282:5: error: expected unqualified-id before ‘{’ token
     { }
     ^
/usr/include/c++/4.8.2/bits/atomic_base.h:285:57: error: expected ‘;’ at end of member declaration
     test_and_set(memory_order __m = memory_order_seq_cst) noexcept
                                                         ^
/usr/include/c++/4.8.2/bits/atomic_base.h:285:59: error: ‘noexcept’ does not name a type
     test_and_set(memory_order __m = memory_order_seq_cst) noexcept
                                                           ^
/usr/include/c++/4.8.2/bits/atomic_base.h:291:59: error: expected ‘;’ at end of member declaration
     test_and_set(memory_order __m = memory_order_seq_cst) volatile noexcept
                                                           ^
/usr/include/c++/4.8.2/bits/atomic_base.h:291:68: error: ‘noexcept’ does not name a type
     test_and_set(memory_order __m = memory_order_seq_cst) volatile noexcept
                                                                    ^
/usr/include/c++/4.8.2/bits/atomic_base.h:297:50: error: expected ‘;’ at end of member declaration
     clear(memory_order __m = memory_order_seq_cst) noexcept
                                                  ^
/usr/include/c++/4.8.2/bits/atomic_base.h:297:52: error: ‘noexcept’ does not name a type
     clear(memory_order __m = memory_order_seq_cst) noexcept
                                                    ^
/usr/include/c++/4.8.2/bits/atomic_base.h:308:52: error: expected ‘;’ at end of member declaration
     clear(memory_order __m = memory_order_seq_cst) volatile noexcept
                                                    ^
/usr/include/c++/4.8.2/bits/atomic_base.h:308:61: error: ‘noexcept’ does not name a type
     clear(memory_order __m = memory_order_seq_cst) volatile noexcept
                                                             ^
/usr/include/c++/4.8.2/bits/atomic_base.h:319:12: error: ‘constexpr’ does not name a type
     static constexpr __atomic_flag_data_type
            ^
/usr/include/c++/4.8.2/bits/atomic_base.h:319:12: note: C++11 ‘constexpr’ only available with -std=c++11 or -std=gnu++11
/usr/include/c++/4.8.2/bits/atomic_base.h:357:21: error: expected ‘;’ at end of member declaration
       __atomic_base() noexcept = default;
                     ^
/usr/include/c++/4.8.2/bits/atomic_base.h:357:23: error: ‘noexcept’ does not name a type
       __atomic_base() noexcept = default;
                       ^
/usr/include/c++/4.8.2/bits/atomic_base.h:358:22: error: expected ‘;’ at end of member declaration
       ~__atomic_base() noexcept = default;
                      ^
/usr/include/c++/4.8.2/bits/atomic_base.h:358:24: error: ‘noexcept’ does not name a type
       ~__atomic_base() noexcept = default;
                        ^
/usr/include/c++/4.8.2/bits/atomic_base.h:364:7: error: ‘constexpr’ does not name a type
       constexpr __atomic_base(__int_type __i) noexcept : _M_i (__i) { }
       ^
/usr/include/c++/4.8.2/bits/atomic_base.h:364:7: note: C++11 ‘constexpr’ only available with -std=c++11 or -std=gnu++11
/usr/include/c++/4.8.2/bits/atomic_base.h:366:29: error: expected ‘;’ at end of member declaration
       operator __int_type() const noexcept
                             ^
/usr/include/c++/4.8.2/bits/atomic_base.h:366:35: error: ‘noexcept’ does not name a type
       operator __int_type() const noexcept
                                   ^
/usr/include/c++/4.8.2/bits/atomic_base.h:369:35: error: expected ‘;’ at end of member declaration
       operator __int_type() const volatile noexcept
                                   ^
/usr/include/c++/4.8.2/bits/atomic_base.h:369:44: error: ‘noexcept’ does not name a type
       operator __int_type() const volatile noexcept
                                            ^
/usr/include/c++/4.8.2/bits/atomic_base.h:373:31: error: expected ‘;’ at end of member declaration
       operator=(__int_type __i) noexcept
                               ^
/usr/include/c++/4.8.2/bits/atomic_base.h:373:33: error: ‘noexcept’ does not name a type
       operator=(__int_type __i) noexcept
                                 ^
/usr/include/c++/4.8.2/bits/atomic_base.h:380:33: error: expected ‘;’ at end of member declaration
       operator=(__int_type __i) volatile noexcept
                                 ^
/usr/include/c++/4.8.2/bits/atomic_base.h:380:42: error: ‘noexcept’ does not name a type
       operator=(__int_type __i) volatile noexcept
                                          ^
/usr/include/c++/4.8.2/bits/atomic_base.h:387:21: error: expected ‘;’ at end of member declaration
       operator++(int) noexcept
                     ^
/usr/include/c++/4.8.2/bits/atomic_base.h:387:23: error: ‘noexcept’ does not name a type
       operator++(int) noexcept
                       ^
/usr/include/c++/4.8.2/bits/atomic_base.h:391:23: error: expected ‘;’ at end of member declaration
       operator++(int) volatile noexcept
                       ^
/usr/include/c++/4.8.2/bits/atomic_base.h:391:32: error: ‘noexcept’ does not name a type
       operator++(int) volatile noexcept
                                ^
/usr/include/c++/4.8.2/bits/atomic_base.h:395:21: error: expected ‘;’ at end of member declaration
       operator--(int) noexcept
                     ^
/usr/include/c++/4.8.2/bits/atomic_base.h:395:23: error: ‘noexcept’ does not name a type
       operator--(int) noexcept
                       ^
/usr/include/c++/4.8.2/bits/atomic_base.h:399:23: error: expected ‘;’ at end of member declaration
       operator--(int) volatile noexcept
                       ^
/usr/include/c++/4.8.2/bits/atomic_base.h:399:32: error: ‘noexcept’ does not name a type
       operator--(int) volatile noexcept
                                ^
/usr/include/c++/4.8.2/bits/atomic_base.h:403:18: error: expected ‘;’ at end of member declaration
       operator++() noexcept
                  ^
/usr/include/c++/4.8.2/bits/atomic_base.h:403:20: error: ‘noexcept’ does not name a type
       operator++() noexcept
                    ^
/usr/include/c++/4.8.2/bits/atomic_base.h:407:20: error: expected ‘;’ at end of member declaration
       operator++() volatile noexcept
                    ^
/usr/include/c++/4.8.2/bits/atomic_base.h:407:29: error: ‘noexcept’ does not name a type
       operator++() volatile noexcept
                             ^
/usr/include/c++/4.8.2/bits/atomic_base.h:411:18: error: expected ‘;’ at end of member declaration
       operator--() noexcept
                  ^
/usr/include/c++/4.8.2/bits/atomic_base.h:411:20: error: ‘noexcept’ does not name a type
       operator--() noexcept
                    ^
/usr/include/c++/4.8.2/bits/atomic_base.h:415:20: error: expected ‘;’ at end of member declaration
       operator--() volatile noexcept
                    ^
/usr/include/c++/4.8.2/bits/atomic_base.h:415:29: error: ‘noexcept’ does not name a type
       operator--() volatile noexcept
                             ^
/usr/include/c++/4.8.2/bits/atomic_base.h:419:32: error: expected ‘;’ at end of member declaration
       operator+=(__int_type __i) noexcept
                                ^
/usr/include/c++/4.8.2/bits/atomic_base.h:419:34: error: ‘noexcept’ does not name a type
       operator+=(__int_type __i) noexcept
                                  ^
/usr/include/c++/4.8.2/bits/atomic_base.h:423:34: error: expected ‘;’ at end of member declaration
       operator+=(__int_type __i) volatile noexcept
                                  ^
/usr/include/c++/4.8.2/bits/atomic_base.h:423:43: error: ‘noexcept’ does not name a type
       operator+=(__int_type __i) volatile noexcept
                                           ^
/usr/include/c++/4.8.2/bits/atomic_base.h:427:32: error: expected ‘;’ at end of member declaration
       operator-=(__int_type __i) noexcept
                                ^
/usr/include/c++/4.8.2/bits/atomic_base.h:427:34: error: ‘noexcept’ does not name a type
       operator-=(__int_type __i) noexcept
                                  ^
/usr/include/c++/4.8.2/bits/atomic_base.h:431:34: error: expected ‘;’ at end of member declaration
       operator-=(__int_type __i) volatile noexcept
                                  ^
/usr/include/c++/4.8.2/bits/atomic_base.h:431:43: error: ‘noexcept’ does not name a type
       operator-=(__int_type __i) volatile noexcept
                                           ^
/usr/include/c++/4.8.2/bits/atomic_base.h:435:32: error: expected ‘;’ at end of member declaration
       operator&=(__int_type __i) noexcept
                                ^
/usr/include/c++/4.8.2/bits/atomic_base.h:435:34: error: ‘noexcept’ does not name a type
       operator&=(__int_type __i) noexcept
                                  ^
/usr/include/c++/4.8.2/bits/atomic_base.h:439:34: error: expected ‘;’ at end of member declaration
       operator&=(__int_type __i) volatile noexcept
                                  ^
/usr/include/c++/4.8.2/bits/atomic_base.h:439:43: error: ‘noexcept’ does not name a type
       operator&=(__int_type __i) volatile noexcept
                                           ^
/usr/include/c++/4.8.2/bits/atomic_base.h:443:32: error: expected ‘;’ at end of member declaration
       operator|=(__int_type __i) noexcept
                                ^
/usr/include/c++/4.8.2/bits/atomic_base.h:443:34: error: ‘noexcept’ does not name a type
       operator|=(__int_type __i) noexcept
                                  ^
/usr/include/c++/4.8.2/bits/atomic_base.h:447:34: error: expected ‘;’ at end of member declaration
       operator|=(__int_type __i) volatile noexcept
                                  ^
/usr/include/c++/4.8.2/bits/atomic_base.h:447:43: error: ‘noexcept’ does not name a type
       operator|=(__int_type __i) volatile noexcept
                                           ^
/usr/include/c++/4.8.2/bits/atomic_base.h:451:32: error: expected ‘;’ at end of member declaration
       operator^=(__int_type __i) noexcept
                                ^
/usr/include/c++/4.8.2/bits/atomic_base.h:451:34: error: ‘noexcept’ does not name a type
       operator^=(__int_type __i) noexcept
                                  ^
/usr/include/c++/4.8.2/bits/atomic_base.h:455:34: error: expected ‘;’ at end of member declaration
       operator^=(__int_type __i) volatile noexcept
                                  ^
/usr/include/c++/4.8.2/bits/atomic_base.h:455:43: error: ‘noexcept’ does not name a type
       operator^=(__int_type __i) volatile noexcept
                                           ^
/usr/include/c++/4.8.2/bits/atomic_base.h:459:22: error: expected ‘;’ at end of member declaration
       is_lock_free() const noexcept
                      ^
/usr/include/c++/4.8.2/bits/atomic_base.h:459:28: error: ‘noexcept’ does not name a type
       is_lock_free() const noexcept
                            ^
/usr/include/c++/4.8.2/bits/atomic_base.h:463:28: error: expected ‘;’ at end of member declaration
       is_lock_free() const volatile noexcept
                            ^
/usr/include/c++/4.8.2/bits/atomic_base.h:463:37: error: ‘noexcept’ does not name a type
       is_lock_free() const volatile noexcept
                                     ^
/usr/include/c++/4.8.2/bits/atomic_base.h:467:68: error: expected ‘;’ at end of member declaration
       store(__int_type __i, memory_order __m = memory_order_seq_cst) noexcept
                                                                    ^
/usr/include/c++/4.8.2/bits/atomic_base.h:467:70: error: ‘noexcept’ does not name a type
       store(__int_type __i, memory_order __m = memory_order_seq_cst) noexcept
                                                                      ^
/usr/include/c++/4.8.2/bits/atomic_base.h:479:47: error: expected ‘;’ at end of member declaration
      memory_order __m = memory_order_seq_cst) volatile noexcept
                                               ^
/usr/include/c++/4.8.2/bits/atomic_base.h:479:56: error: ‘noexcept’ does not name a type
      memory_order __m = memory_order_seq_cst) volatile noexcept
                                                        ^
/usr/include/c++/4.8.2/bits/atomic_base.h:490:53: error: expected ‘;’ at end of member declaration
       load(memory_order __m = memory_order_seq_cst) const noexcept
                                                     ^
/usr/include/c++/4.8.2/bits/atomic_base.h:490:59: error: ‘noexcept’ does not name a type
       load(memory_order __m = memory_order_seq_cst) const noexcept
                                                           ^
/usr/include/c++/4.8.2/bits/atomic_base.h:500:59: error: expected ‘;’ at end of member declaration
       load(memory_order __m = memory_order_seq_cst) const volatile noexcept
                                                           ^
/usr/include/c++/4.8.2/bits/atomic_base.h:500:68: error: ‘noexcept’ does not name a type
       load(memory_order __m = memory_order_seq_cst) const volatile noexcept
                                                                    ^
/usr/include/c++/4.8.2/bits/atomic_base.h:511:48: error: expected ‘;’ at end of member declaration
         memory_order __m = memory_order_seq_cst) noexcept
                                                ^
/usr/include/c++/4.8.2/bits/atomic_base.h:511:50: error: ‘noexcept’ does not name a type
         memory_order __m = memory_order_seq_cst) noexcept
                                                  ^
/usr/include/c++/4.8.2/bits/atomic_base.h:519:50: error: expected ‘;’ at end of member declaration
         memory_order __m = memory_order_seq_cst) volatile noexcept
                                                  ^
/usr/include/c++/4.8.2/bits/atomic_base.h:519:59: error: ‘noexcept’ does not name a type
         memory_order __m = memory_order_seq_cst) volatile noexcept
                                                           ^
/usr/include/c++/4.8.2/bits/atomic_base.h:526:44: error: expected ‘;’ at end of member declaration
        memory_order __m1, memory_order __m2) noexcept
                                            ^
/usr/include/c++/4.8.2/bits/atomic_base.h:526:46: error: ‘noexcept’ does not name a type
        memory_order __m1, memory_order __m2) noexcept
                                              ^
/usr/include/c++/4.8.2/bits/atomic_base.h:540:27: error: expected ‘;’ at end of member declaration
        memory_order __m2) volatile noexcept
                           ^
/usr/include/c++/4.8.2/bits/atomic_base.h:540:36: error: ‘noexcept’ does not name a type
        memory_order __m2) volatile noexcept
                                    ^
/usr/include/c++/4.8.2/bits/atomic_base.h:553:47: error: expected ‘;’ at end of member declaration
        memory_order __m = memory_order_seq_cst) noexcept
                                               ^
/usr/include/c++/4.8.2/bits/atomic_base.h:553:49: error: ‘noexcept’ does not name a type
        memory_order __m = memory_order_seq_cst) noexcept
                                                 ^
/usr/include/c++/4.8.2/bits/atomic_base.h:561:47: error: expected ‘;’ at end of member declaration
      memory_order __m = memory_order_seq_cst) volatile noexcept
                                               ^
/usr/include/c++/4.8.2/bits/atomic_base.h:561:56: error: ‘noexcept’ does not name a type
      memory_order __m = memory_order_seq_cst) volatile noexcept
                                                        ^
/usr/include/c++/4.8.2/bits/atomic_base.h:569:46: error: expected ‘;’ at end of member declaration
          memory_order __m1, memory_order __m2) noexcept
                                              ^
/usr/include/c++/4.8.2/bits/atomic_base.h:569:48: error: ‘noexcept’ does not name a type
          memory_order __m1, memory_order __m2) noexcept
                                                ^
/usr/include/c++/4.8.2/bits/atomic_base.h:583:29: error: expected ‘;’ at end of member declaration
          memory_order __m2) volatile noexcept
                             ^
/usr/include/c++/4.8.2/bits/atomic_base.h:583:38: error: ‘noexcept’ does not name a type
          memory_order __m2) volatile noexcept
                                      ^
/usr/include/c++/4.8.2/bits/atomic_base.h:597:49: error: expected ‘;’ at end of member declaration
          memory_order __m = memory_order_seq_cst) noexcept
                                                 ^
/usr/include/c++/4.8.2/bits/atomic_base.h:597:51: error: ‘noexcept’ does not name a type
          memory_order __m = memory_order_seq_cst) noexcept
                                                   ^
/usr/include/c++/4.8.2/bits/atomic_base.h:605:45: error: expected ‘;’ at end of member declaration
    memory_order __m = memory_order_seq_cst) volatile noexcept
                                             ^
/usr/include/c++/4.8.2/bits/atomic_base.h:605:54: error: ‘noexcept’ does not name a type
    memory_order __m = memory_order_seq_cst) volatile noexcept
                                                      ^
/usr/include/c++/4.8.2/bits/atomic_base.h:613:42: error: expected ‘;’ at end of member declaration
   memory_order __m = memory_order_seq_cst) noexcept
                                          ^
/usr/include/c++/4.8.2/bits/atomic_base.h:613:44: error: ‘noexcept’ does not name a type
   memory_order __m = memory_order_seq_cst) noexcept
                                            ^
/usr/include/c++/4.8.2/bits/atomic_base.h:618:44: error: expected ‘;’ at end of member declaration
   memory_order __m = memory_order_seq_cst) volatile noexcept
                                            ^
/usr/include/c++/4.8.2/bits/atomic_base.h:618:53: error: ‘noexcept’ does not name a type
   memory_order __m = memory_order_seq_cst) volatile noexcept
                                                     ^
/usr/include/c++/4.8.2/bits/atomic_base.h:623:42: error: expected ‘;’ at end of member declaration
   memory_order __m = memory_order_seq_cst) noexcept
                                          ^
/usr/include/c++/4.8.2/bits/atomic_base.h:623:44: error: ‘noexcept’ does not name a type
   memory_order __m = memory_order_seq_cst) noexcept
                                            ^
/usr/include/c++/4.8.2/bits/atomic_base.h:628:44: error: expected ‘;’ at end of member declaration
   memory_order __m = memory_order_seq_cst) volatile noexcept
                                            ^
/usr/include/c++/4.8.2/bits/atomic_base.h:628:53: error: ‘noexcept’ does not name a type
   memory_order __m = memory_order_seq_cst) volatile noexcept
                                                     ^
/usr/include/c++/4.8.2/bits/atomic_base.h:633:42: error: expected ‘;’ at end of member declaration
   memory_order __m = memory_order_seq_cst) noexcept
                                          ^
/usr/include/c++/4.8.2/bits/atomic_base.h:633:44: error: ‘noexcept’ does not name a type
   memory_order __m = memory_order_seq_cst) noexcept
                                            ^
/usr/include/c++/4.8.2/bits/atomic_base.h:638:44: error: expected ‘;’ at end of member declaration
   memory_order __m = memory_order_seq_cst) volatile noexcept
                                            ^
/usr/include/c++/4.8.2/bits/atomic_base.h:638:53: error: ‘noexcept’ does not name a type
   memory_order __m = memory_order_seq_cst) volatile noexcept
                                                     ^
/usr/include/c++/4.8.2/bits/atomic_base.h:643:48: error: expected ‘;’ at end of member declaration
         memory_order __m = memory_order_seq_cst) noexcept
                                                ^
/usr/include/c++/4.8.2/bits/atomic_base.h:643:50: error: ‘noexcept’ does not name a type
         memory_order __m = memory_order_seq_cst) noexcept
                                                  ^
/usr/include/c++/4.8.2/bits/atomic_base.h:648:50: error: expected ‘;’ at end of member declaration
         memory_order __m = memory_order_seq_cst) volatile noexcept
                                                  ^
/usr/include/c++/4.8.2/bits/atomic_base.h:648:59: error: ‘noexcept’ does not name a type
         memory_order __m = memory_order_seq_cst) volatile noexcept
                                                           ^
/usr/include/c++/4.8.2/bits/atomic_base.h:653:42: error: expected ‘;’ at end of member declaration
   memory_order __m = memory_order_seq_cst) noexcept
                                          ^
/usr/include/c++/4.8.2/bits/atomic_base.h:653:44: error: ‘noexcept’ does not name a type
   memory_order __m = memory_order_seq_cst) noexcept
                                            ^
/usr/include/c++/4.8.2/bits/atomic_base.h:658:44: error: expected ‘;’ at end of member declaration
   memory_order __m = memory_order_seq_cst) volatile noexcept
                                            ^
/usr/include/c++/4.8.2/bits/atomic_base.h:658:53: error: ‘noexcept’ does not name a type
   memory_order __m = memory_order_seq_cst) volatile noexcept
                                                     ^
/usr/include/c++/4.8.2/bits/atomic_base.h:673:7: error: ‘constexpr’ does not name a type
       constexpr ptrdiff_t
       ^
/usr/include/c++/4.8.2/bits/atomic_base.h:673:7: note: C++11 ‘constexpr’ only available with -std=c++11 or -std=gnu++11
/usr/include/c++/4.8.2/bits/atomic_base.h:676:7: error: ‘constexpr’ does not name a type
       constexpr ptrdiff_t
       ^
/usr/include/c++/4.8.2/bits/atomic_base.h:676:7: note: C++11 ‘constexpr’ only available with -std=c++11 or -std=gnu++11
/usr/include/c++/4.8.2/bits/atomic_base.h:680:21: error: expected ‘;’ at end of member declaration
       __atomic_base() noexcept = default;
                     ^
/usr/include/c++/4.8.2/bits/atomic_base.h:680:23: error: ‘noexcept’ does not name a type
       __atomic_base() noexcept = default;
                       ^
/usr/include/c++/4.8.2/bits/atomic_base.h:681:22: error: expected ‘;’ at end of member declaration
       ~__atomic_base() noexcept = default;
                      ^
/usr/include/c++/4.8.2/bits/atomic_base.h:681:24: error: ‘noexcept’ does not name a type
       ~__atomic_base() noexcept = default;
                        ^
/usr/include/c++/4.8.2/bits/atomic_base.h:687:7: error: ‘constexpr’ does not name a type
       constexpr __atomic_base(__pointer_type __p) noexcept : _M_p (__p) { }
       ^
/usr/include/c++/4.8.2/bits/atomic_base.h:687:7: note: C++11 ‘constexpr’ only available with -std=c++11 or -std=gnu++11
/usr/include/c++/4.8.2/bits/atomic_base.h:689:33: error: expected ‘;’ at end of member declaration
       operator __pointer_type() const noexcept
                                 ^
/usr/include/c++/4.8.2/bits/atomic_base.h:689:39: error: ‘noexcept’ does not name a type
       operator __pointer_type() const noexcept
                                       ^
/usr/include/c++/4.8.2/bits/atomic_base.h:692:39: error: expected ‘;’ at end of member declaration
       operator __pointer_type() const volatile noexcept
                                       ^
/usr/include/c++/4.8.2/bits/atomic_base.h:692:48: error: ‘noexcept’ does not name a type
       operator __pointer_type() const volatile noexcept
                                                ^
/usr/include/c++/4.8.2/bits/atomic_base.h:696:35: error: expected ‘;’ at end of member declaration
       operator=(__pointer_type __p) noexcept
                                   ^
/usr/include/c++/4.8.2/bits/atomic_base.h:696:37: error: ‘noexcept’ does not name a type
       operator=(__pointer_type __p) noexcept
                                     ^
/usr/include/c++/4.8.2/bits/atomic_base.h:703:37: error: expected ‘;’ at end of member declaration
       operator=(__pointer_type __p) volatile noexcept
                                     ^
/usr/include/c++/4.8.2/bits/atomic_base.h:703:46: error: ‘noexcept’ does not name a type
       operator=(__pointer_type __p) volatile noexcept
                                              ^
/usr/include/c++/4.8.2/bits/atomic_base.h:710:21: error: expected ‘;’ at end of member declaration
       operator++(int) noexcept
                     ^
/usr/include/c++/4.8.2/bits/atomic_base.h:710:23: error: ‘noexcept’ does not name a type
       operator++(int) noexcept
                       ^
/usr/include/c++/4.8.2/bits/atomic_base.h:714:23: error: expected ‘;’ at end of member declaration
       operator++(int) volatile noexcept
                       ^
/usr/include/c++/4.8.2/bits/atomic_base.h:714:32: error: ‘noexcept’ does not name a type
       operator++(int) volatile noexcept
                                ^
/usr/include/c++/4.8.2/bits/atomic_base.h:718:21: error: expected ‘;’ at end of member declaration
       operator--(int) noexcept
                     ^
/usr/include/c++/4.8.2/bits/atomic_base.h:718:23: error: ‘noexcept’ does not name a type
       operator--(int) noexcept
                       ^
/usr/include/c++/4.8.2/bits/atomic_base.h:722:23: error: expected ‘;’ at end of member declaration
       operator--(int) volatile noexcept
                       ^
/usr/include/c++/4.8.2/bits/atomic_base.h:722:32: error: ‘noexcept’ does not name a type
       operator--(int) volatile noexcept
                                ^
/usr/include/c++/4.8.2/bits/atomic_base.h:726:18: error: expected ‘;’ at end of member declaration
       operator++() noexcept
                  ^
/usr/include/c++/4.8.2/bits/atomic_base.h:726:20: error: ‘noexcept’ does not name a type
       operator++() noexcept
                    ^
/usr/include/c++/4.8.2/bits/atomic_base.h:731:20: error: expected ‘;’ at end of member declaration
       operator++() volatile noexcept
                    ^
/usr/include/c++/4.8.2/bits/atomic_base.h:731:29: error: ‘noexcept’ does not name a type
       operator++() volatile noexcept
                             ^
/usr/include/c++/4.8.2/bits/atomic_base.h:736:18: error: expected ‘;’ at end of member declaration
       operator--() noexcept
                  ^
/usr/include/c++/4.8.2/bits/atomic_base.h:736:20: error: ‘noexcept’ does not name a type
       operator--() noexcept
                    ^
/usr/include/c++/4.8.2/bits/atomic_base.h:741:20: error: expected ‘;’ at end of member declaration
       operator--() volatile noexcept
                    ^
/usr/include/c++/4.8.2/bits/atomic_base.h:741:29: error: ‘noexcept’ does not name a type
       operator--() volatile noexcept
                             ^
/usr/include/c++/4.8.2/bits/atomic_base.h:746:31: error: expected ‘;’ at end of member declaration
       operator+=(ptrdiff_t __d) noexcept
                               ^
/usr/include/c++/4.8.2/bits/atomic_base.h:746:33: error: ‘noexcept’ does not name a type
       operator+=(ptrdiff_t __d) noexcept
                                 ^
/usr/include/c++/4.8.2/bits/atomic_base.h:751:33: error: expected ‘;’ at end of member declaration
       operator+=(ptrdiff_t __d) volatile noexcept
                                 ^
/usr/include/c++/4.8.2/bits/atomic_base.h:751:42: error: ‘noexcept’ does not name a type
       operator+=(ptrdiff_t __d) volatile noexcept
                                          ^
/usr/include/c++/4.8.2/bits/atomic_base.h:756:31: error: expected ‘;’ at end of member declaration
       operator-=(ptrdiff_t __d) noexcept
                               ^
/usr/include/c++/4.8.2/bits/atomic_base.h:756:33: error: ‘noexcept’ does not name a type
       operator-=(ptrdiff_t __d) noexcept
                                 ^
/usr/include/c++/4.8.2/bits/atomic_base.h:761:33: error: expected ‘;’ at end of member declaration
       operator-=(ptrdiff_t __d) volatile noexcept
                                 ^
/usr/include/c++/4.8.2/bits/atomic_base.h:761:42: error: ‘noexcept’ does not name a type
       operator-=(ptrdiff_t __d) volatile noexcept
                                          ^
/usr/include/c++/4.8.2/bits/atomic_base.h:766:22: error: expected ‘;’ at end of member declaration
       is_lock_free() const noexcept
                      ^
/usr/include/c++/4.8.2/bits/atomic_base.h:766:28: error: ‘noexcept’ does not name a type
       is_lock_free() const noexcept
                            ^
/usr/include/c++/4.8.2/bits/atomic_base.h:770:28: error: expected ‘;’ at end of member declaration
       is_lock_free() const volatile noexcept
                            ^
/usr/include/c++/4.8.2/bits/atomic_base.h:770:37: error: ‘noexcept’ does not name a type
       is_lock_free() const volatile noexcept
                                     ^
/usr/include/c++/4.8.2/bits/atomic_base.h:775:45: error: expected ‘;’ at end of member declaration
      memory_order __m = memory_order_seq_cst) noexcept
                                             ^
/usr/include/c++/4.8.2/bits/atomic_base.h:775:47: error: ‘noexcept’ does not name a type
      memory_order __m = memory_order_seq_cst) noexcept
                                               ^
/usr/include/c++/4.8.2/bits/atomic_base.h:788:47: error: expected ‘;’ at end of member declaration
      memory_order __m = memory_order_seq_cst) volatile noexcept
                                               ^
/usr/include/c++/4.8.2/bits/atomic_base.h:788:56: error: ‘noexcept’ does not name a type
      memory_order __m = memory_order_seq_cst) volatile noexcept
                                                        ^
/usr/include/c++/4.8.2/bits/atomic_base.h:799:53: error: expected ‘;’ at end of member declaration
       load(memory_order __m = memory_order_seq_cst) const noexcept
                                                     ^
/usr/include/c++/4.8.2/bits/atomic_base.h:799:59: error: ‘noexcept’ does not name a type
       load(memory_order __m = memory_order_seq_cst) const noexcept
                                                           ^
/usr/include/c++/4.8.2/bits/atomic_base.h:809:59: error: expected ‘;’ at end of member declaration
       load(memory_order __m = memory_order_seq_cst) const volatile noexcept
                                                           ^
/usr/include/c++/4.8.2/bits/atomic_base.h:809:68: error: ‘noexcept’ does not name a type
       load(memory_order __m = memory_order_seq_cst) const volatile noexcept
                                                                    ^
/usr/include/c++/4.8.2/bits/atomic_base.h:820:48: error: expected ‘;’ at end of member declaration
         memory_order __m = memory_order_seq_cst) noexcept
                                                ^
/usr/include/c++/4.8.2/bits/atomic_base.h:820:50: error: ‘noexcept’ does not name a type
         memory_order __m = memory_order_seq_cst) noexcept
                                                  ^
/usr/include/c++/4.8.2/bits/atomic_base.h:828:50: error: expected ‘;’ at end of member declaration
         memory_order __m = memory_order_seq_cst) volatile noexcept
                                                  ^
/usr/include/c++/4.8.2/bits/atomic_base.h:828:59: error: ‘noexcept’ does not name a type
         memory_order __m = memory_order_seq_cst) volatile noexcept
                                                           ^
/usr/include/c++/4.8.2/bits/atomic_base.h:836:27: error: expected ‘;’ at end of member declaration
          memory_order __m2) noexcept
                           ^
/usr/include/c++/4.8.2/bits/atomic_base.h:836:29: error: ‘noexcept’ does not name a type
          memory_order __m2) noexcept
                             ^
/usr/include/c++/4.8.2/bits/atomic_base.h:850:29: error: expected ‘;’ at end of member declaration
          memory_order __m2) volatile noexcept
                             ^
/usr/include/c++/4.8.2/bits/atomic_base.h:850:38: error: ‘noexcept’ does not name a type
          memory_order __m2) volatile noexcept
                                      ^
/usr/include/c++/4.8.2/bits/atomic_base.h:864:42: error: expected ‘;’ at end of member declaration
   memory_order __m = memory_order_seq_cst) noexcept
                                          ^
/usr/include/c++/4.8.2/bits/atomic_base.h:864:44: error: ‘noexcept’ does not name a type
   memory_order __m = memory_order_seq_cst) noexcept
                                            ^
/usr/include/c++/4.8.2/bits/atomic_base.h:869:44: error: expected ‘;’ at end of member declaration
   memory_order __m = memory_order_seq_cst) volatile noexcept
                                            ^
/usr/include/c++/4.8.2/bits/atomic_base.h:869:53: error: ‘noexcept’ does not name a type
   memory_order __m = memory_order_seq_cst) volatile noexcept
                                                     ^
/usr/include/c++/4.8.2/bits/atomic_base.h:874:42: error: expected ‘;’ at end of member declaration
   memory_order __m = memory_order_seq_cst) noexcept
                                          ^
/usr/include/c++/4.8.2/bits/atomic_base.h:874:44: error: ‘noexcept’ does not name a type
   memory_order __m = memory_order_seq_cst) noexcept
                                            ^
/usr/include/c++/4.8.2/bits/atomic_base.h:879:44: error: expected ‘;’ at end of member declaration
   memory_order __m = memory_order_seq_cst) volatile noexcept
                                            ^
/usr/include/c++/4.8.2/bits/atomic_base.h:879:53: error: ‘noexcept’ does not name a type
   memory_order __m = memory_order_seq_cst) volatile noexcept
                                                     ^
In file included from ../../../../libs/openFrameworks/events/ofEvent.h:9:0,
                 from ../../../../libs/openFrameworks/events/ofEventUtils.h:4,
                 from ../../../../libs/openFrameworks/events/ofEvents.h:4,
                 from /home/student/Assignment3/OpenISS/openFrameworks/libs/openFrameworks/utils/ofURLFileLoader.h:3,
                 from /home/student/Assignment3/OpenISS/openFrameworks/libs/openFrameworks/ofMain.h:11,
                 from main.cpp:1:
/usr/include/c++/4.8.2/atomic:60:17: error: expected ‘;’ at end of member declaration
     atomic_bool() noexcept = default;
                 ^
/usr/include/c++/4.8.2/atomic:60:19: error: ‘noexcept’ does not name a type
     atomic_bool() noexcept = default;
                   ^
/usr/include/c++/4.8.2/atomic:61:18: error: expected ‘;’ at end of member declaration
     ~atomic_bool() noexcept = default;
                  ^
/usr/include/c++/4.8.2/atomic:61:20: error: ‘noexcept’ does not name a type
     ~atomic_bool() noexcept = default;
                    ^
/usr/include/c++/4.8.2/atomic:66:5: error: ‘constexpr’ does not name a type
     constexpr atomic_bool(bool __i) noexcept : _M_base(__i) { }
     ^
/usr/include/c++/4.8.2/atomic:66:5: note: C++11 ‘constexpr’ only available with -std=c++11 or -std=gnu++11
/usr/include/c++/4.8.2/atomic:69:23: error: expected ‘;’ at end of member declaration
     operator=(bool __i) noexcept
                       ^
/usr/include/c++/4.8.2/atomic:69:25: error: ‘noexcept’ does not name a type
     operator=(bool __i) noexcept
                         ^
/usr/include/c++/4.8.2/atomic:73:25: error: expected ‘;’ at end of member declaration
     operator=(bool __i) volatile noexcept
                         ^
/usr/include/c++/4.8.2/atomic:73:34: error: ‘noexcept’ does not name a type
     operator=(bool __i) volatile noexcept
                                  ^
/usr/include/c++/4.8.2/atomic:76:21: error: expected ‘;’ at end of member declaration
     operator bool() const noexcept
                     ^
/usr/include/c++/4.8.2/atomic:76:27: error: ‘noexcept’ does not name a type
     operator bool() const noexcept
                           ^
/usr/include/c++/4.8.2/atomic:79:27: error: expected ‘;’ at end of member declaration
     operator bool() const volatile noexcept
                           ^
/usr/include/c++/4.8.2/atomic:79:36: error: ‘noexcept’ does not name a type
     operator bool() const volatile noexcept
                                    ^
/usr/include/c++/4.8.2/atomic:83:20: error: expected ‘;’ at end of member declaration
     is_lock_free() const noexcept { return _M_base.is_lock_free(); }
                    ^
/usr/include/c++/4.8.2/atomic:83:26: error: ‘noexcept’ does not name a type
     is_lock_free() const noexcept { return _M_base.is_lock_free(); }
                          ^
/usr/include/c++/4.8.2/atomic:86:26: error: expected ‘;’ at end of member declaration
     is_lock_free() const volatile noexcept { return _M_base.is_lock_free(); }
                          ^
/usr/include/c++/4.8.2/atomic:86:35: error: ‘noexcept’ does not name a type
     is_lock_free() const volatile noexcept { return _M_base.is_lock_free(); }
                                   ^
/usr/include/c++/4.8.2/atomic:89:60: error: expected ‘;’ at end of member declaration
     store(bool __i, memory_order __m = memory_order_seq_cst) noexcept
                                                            ^
/usr/include/c++/4.8.2/atomic:89:62: error: ‘noexcept’ does not name a type
     store(bool __i, memory_order __m = memory_order_seq_cst) noexcept
                                                              ^
/usr/include/c++/4.8.2/atomic:93:62: error: expected ‘;’ at end of member declaration
     store(bool __i, memory_order __m = memory_order_seq_cst) volatile noexcept
                                                              ^
/usr/include/c++/4.8.2/atomic:93:71: error: ‘noexcept’ does not name a type
     store(bool __i, memory_order __m = memory_order_seq_cst) volatile noexcept
                                                                       ^
/usr/include/c++/4.8.2/atomic:97:51: error: expected ‘;’ at end of member declaration
     load(memory_order __m = memory_order_seq_cst) const noexcept
                                                   ^
/usr/include/c++/4.8.2/atomic:97:57: error: ‘noexcept’ does not name a type
     load(memory_order __m = memory_order_seq_cst) const noexcept
                                                         ^
/usr/include/c++/4.8.2/atomic:101:57: error: expected ‘;’ at end of member declaration
     load(memory_order __m = memory_order_seq_cst) const volatile noexcept
                                                         ^
/usr/include/c++/4.8.2/atomic:101:66: error: ‘noexcept’ does not name a type
     load(memory_order __m = memory_order_seq_cst) const volatile noexcept
                                                                  ^
/usr/include/c++/4.8.2/atomic:105:63: error: expected ‘;’ at end of member declaration
     exchange(bool __i, memory_order __m = memory_order_seq_cst) noexcept
                                                               ^
/usr/include/c++/4.8.2/atomic:105:65: error: ‘noexcept’ does not name a type
     exchange(bool __i, memory_order __m = memory_order_seq_cst) noexcept
                                                                 ^
/usr/include/c++/4.8.2/atomic:110:48: error: expected ‘;’ at end of member declaration
       memory_order __m = memory_order_seq_cst) volatile noexcept
                                                ^
/usr/include/c++/4.8.2/atomic:110:57: error: ‘noexcept’ does not name a type
       memory_order __m = memory_order_seq_cst) volatile noexcept
                                                         ^
/usr/include/c++/4.8.2/atomic:115:23: error: expected ‘;’ at end of member declaration
      memory_order __m2) noexcept
                       ^
/usr/include/c++/4.8.2/atomic:115:25: error: ‘noexcept’ does not name a type
      memory_order __m2) noexcept
                         ^
/usr/include/c++/4.8.2/atomic:120:25: error: expected ‘;’ at end of member declaration
      memory_order __m2) volatile noexcept
                         ^
/usr/include/c++/4.8.2/atomic:120:34: error: ‘noexcept’ does not name a type
      memory_order __m2) volatile noexcept
                                  ^
/usr/include/c++/4.8.2/atomic:125:45: error: expected ‘;’ at end of member declaration
      memory_order __m = memory_order_seq_cst) noexcept
                                             ^
/usr/include/c++/4.8.2/atomic:125:47: error: ‘noexcept’ does not name a type
      memory_order __m = memory_order_seq_cst) noexcept
                                               ^
/usr/include/c++/4.8.2/atomic:130:49: error: expected ‘;’ at end of member declaration
        memory_order __m = memory_order_seq_cst) volatile noexcept
                                                 ^
/usr/include/c++/4.8.2/atomic:130:58: error: ‘noexcept’ does not name a type
        memory_order __m = memory_order_seq_cst) volatile noexcept
                                                          ^
/usr/include/c++/4.8.2/atomic:135:25: error: expected ‘;’ at end of member declaration
        memory_order __m2) noexcept
                         ^
/usr/include/c++/4.8.2/atomic:135:27: error: ‘noexcept’ does not name a type
        memory_order __m2) noexcept
                           ^
/usr/include/c++/4.8.2/atomic:140:27: error: expected ‘;’ at end of member declaration
        memory_order __m2) volatile noexcept
                           ^
/usr/include/c++/4.8.2/atomic:140:36: error: ‘noexcept’ does not name a type
        memory_order __m2) volatile noexcept
                                    ^
/usr/include/c++/4.8.2/atomic:145:47: error: expected ‘;’ at end of member declaration
        memory_order __m = memory_order_seq_cst) noexcept
                                               ^
/usr/include/c++/4.8.2/atomic:145:49: error: ‘noexcept’ does not name a type
        memory_order __m = memory_order_seq_cst) noexcept
                                                 ^
/usr/include/c++/4.8.2/atomic:150:48: error: expected ‘;’ at end of member declaration
       memory_order __m = memory_order_seq_cst) volatile noexcept
                                                ^
/usr/include/c++/4.8.2/atomic:150:57: error: ‘noexcept’ does not name a type
       memory_order __m = memory_order_seq_cst) volatile noexcept
                                                         ^
/usr/include/c++/4.8.2/atomic:167:14: error: expected ‘;’ at end of member declaration
       atomic() noexcept = default;
              ^
/usr/include/c++/4.8.2/atomic:167:16: error: ‘noexcept’ does not name a type
       atomic() noexcept = default;
                ^
/usr/include/c++/4.8.2/atomic:168:15: error: expected ‘;’ at end of member declaration
       ~atomic() noexcept = default;
               ^
/usr/include/c++/4.8.2/atomic:168:17: error: ‘noexcept’ does not name a type
       ~atomic() noexcept = default;
                 ^
/usr/include/c++/4.8.2/atomic:173:7: error: ‘constexpr’ does not name a type
       constexpr atomic(_Tp __i) noexcept : _M_i(__i) { }
       ^
/usr/include/c++/4.8.2/atomic:173:7: note: C++11 ‘constexpr’ only available with -std=c++11 or -std=gnu++11
/usr/include/c++/4.8.2/atomic:175:22: error: expected ‘;’ at end of member declaration
       operator _Tp() const noexcept
                      ^
/usr/include/c++/4.8.2/atomic:175:28: error: ‘noexcept’ does not name a type
       operator _Tp() const noexcept
                            ^
/usr/include/c++/4.8.2/atomic:178:28: error: expected ‘;’ at end of member declaration
       operator _Tp() const volatile noexcept
                            ^
/usr/include/c++/4.8.2/atomic:178:37: error: ‘noexcept’ does not name a type
       operator _Tp() const volatile noexcept
                                     ^
/usr/include/c++/4.8.2/atomic:182:24: error: expected ‘;’ at end of member declaration
       operator=(_Tp __i) noexcept 
                        ^
/usr/include/c++/4.8.2/atomic:182:26: error: ‘noexcept’ does not name a type
       operator=(_Tp __i) noexcept 
                          ^
/usr/include/c++/4.8.2/atomic:186:26: error: expected ‘;’ at end of member declaration
       operator=(_Tp __i) volatile noexcept 
                          ^
/usr/include/c++/4.8.2/atomic:186:35: error: ‘noexcept’ does not name a type
       operator=(_Tp __i) volatile noexcept 
                                   ^
/usr/include/c++/4.8.2/atomic:190:22: error: expected ‘;’ at end of member declaration
       is_lock_free() const noexcept
                      ^
/usr/include/c++/4.8.2/atomic:190:28: error: ‘noexcept’ does not name a type
       is_lock_free() const noexcept
                            ^
/usr/include/c++/4.8.2/atomic:194:28: error: expected ‘;’ at end of member declaration
       is_lock_free() const volatile noexcept
                            ^
/usr/include/c++/4.8.2/atomic:194:37: error: ‘noexcept’ does not name a type
       is_lock_free() const volatile noexcept
                                     ^
/usr/include/c++/4.8.2/atomic:198:60: error: expected ‘;’ at end of member declaration
       store(_Tp __i, memory_order _m = memory_order_seq_cst) noexcept
                                                            ^
/usr/include/c++/4.8.2/atomic:198:62: error: ‘noexcept’ does not name a type
       store(_Tp __i, memory_order _m = memory_order_seq_cst) noexcept
                                                              ^
/usr/include/c++/4.8.2/atomic:202:62: error: expected ‘;’ at end of member declaration
       store(_Tp __i, memory_order _m = memory_order_seq_cst) volatile noexcept
                                                              ^
/usr/include/c++/4.8.2/atomic:202:71: error: ‘noexcept’ does not name a type
       store(_Tp __i, memory_order _m = memory_order_seq_cst) volatile noexcept
                                                                       ^
/usr/include/c++/4.8.2/atomic:206:52: error: expected ‘;’ at end of member declaration
       load(memory_order _m = memory_order_seq_cst) const noexcept
                                                    ^
/usr/include/c++/4.8.2/atomic:206:58: error: ‘noexcept’ does not name a type
       load(memory_order _m = memory_order_seq_cst) const noexcept
                                                          ^
/usr/include/c++/4.8.2/atomic:214:58: error: expected ‘;’ at end of member declaration
       load(memory_order _m = memory_order_seq_cst) const volatile noexcept
                                                          ^
/usr/include/c++/4.8.2/atomic:214:67: error: ‘noexcept’ does not name a type
       load(memory_order _m = memory_order_seq_cst) const volatile noexcept
                                                                   ^
/usr/include/c++/4.8.2/atomic:222:63: error: expected ‘;’ at end of member declaration
       exchange(_Tp __i, memory_order _m = memory_order_seq_cst) noexcept
                                                               ^
/usr/include/c++/4.8.2/atomic:222:65: error: ‘noexcept’ does not name a type
       exchange(_Tp __i, memory_order _m = memory_order_seq_cst) noexcept
                                                                 ^
/usr/include/c++/4.8.2/atomic:231:49: error: expected ‘;’ at end of member declaration
         memory_order _m = memory_order_seq_cst) volatile noexcept
                                                 ^
/usr/include/c++/4.8.2/atomic:231:58: error: ‘noexcept’ does not name a type
         memory_order _m = memory_order_seq_cst) volatile noexcept
                                                          ^
/usr/include/c++/4.8.2/atomic:240:24: error: expected ‘;’ at end of member declaration
        memory_order __f) noexcept
                        ^
/usr/include/c++/4.8.2/atomic:240:26: error: ‘noexcept’ does not name a type
        memory_order __f) noexcept
                          ^
/usr/include/c++/4.8.2/atomic:247:26: error: expected ‘;’ at end of member declaration
        memory_order __f) volatile noexcept
                          ^
/usr/include/c++/4.8.2/atomic:247:35: error: ‘noexcept’ does not name a type
        memory_order __f) volatile noexcept
                                   ^
/usr/include/c++/4.8.2/atomic:254:47: error: expected ‘;’ at end of member declaration
        memory_order __m = memory_order_seq_cst) noexcept
                                               ^
/usr/include/c++/4.8.2/atomic:254:49: error: ‘noexcept’ does not name a type
        memory_order __m = memory_order_seq_cst) noexcept
                                                 ^
/usr/include/c++/4.8.2/atomic:259:49: error: expected ‘;’ at end of member declaration
        memory_order __m = memory_order_seq_cst) volatile noexcept
                                                 ^
/usr/include/c++/4.8.2/atomic:259:58: error: ‘noexcept’ does not name a type
        memory_order __m = memory_order_seq_cst) volatile noexcept
                                                          ^
/usr/include/c++/4.8.2/atomic:264:26: error: expected ‘;’ at end of member declaration
          memory_order __f) noexcept
                          ^
/usr/include/c++/4.8.2/atomic:264:28: error: ‘noexcept’ does not name a type
          memory_order __f) noexcept
                            ^
/usr/include/c++/4.8.2/atomic:271:28: error: expected ‘;’ at end of member declaration
          memory_order __f) volatile noexcept
                            ^
/usr/include/c++/4.8.2/atomic:271:37: error: ‘noexcept’ does not name a type
          memory_order __f) volatile noexcept
                                     ^
/usr/include/c++/4.8.2/atomic:278:50: error: expected ‘;’ at end of member declaration
           memory_order __m = memory_order_seq_cst) noexcept
                                                  ^
/usr/include/c++/4.8.2/atomic:278:52: error: ‘noexcept’ does not name a type
           memory_order __m = memory_order_seq_cst) noexcept
                                                    ^
/usr/include/c++/4.8.2/atomic:283:49: error: expected ‘;’ at end of member declaration
        memory_order __m = memory_order_seq_cst) volatile noexcept
                                                 ^
/usr/include/c++/4.8.2/atomic:283:58: error: ‘noexcept’ does not name a type
        memory_order __m = memory_order_seq_cst) volatile noexcept
                                                          ^
/usr/include/c++/4.8.2/atomic:296:14: error: expected ‘;’ at end of member declaration
       atomic() noexcept = default;
              ^
/usr/include/c++/4.8.2/atomic:296:16: error: ‘noexcept’ does not name a type
       atomic() noexcept = default;
                ^
/usr/include/c++/4.8.2/atomic:297:15: error: expected ‘;’ at end of member declaration
       ~atomic() noexcept = default;
               ^
/usr/include/c++/4.8.2/atomic:297:17: error: ‘noexcept’ does not name a type
       ~atomic() noexcept = default;
                 ^
/usr/include/c++/4.8.2/atomic:302:7: error: ‘constexpr’ does not name a type
       constexpr atomic(__pointer_type __p) noexcept : _M_b(__p) { }
       ^
/usr/include/c++/4.8.2/atomic:302:7: note: C++11 ‘constexpr’ only available with -std=c++11 or -std=gnu++11
/usr/include/c++/4.8.2/atomic:304:33: error: expected ‘;’ at end of member declaration
       operator __pointer_type() const noexcept
                                 ^
/usr/include/c++/4.8.2/atomic:304:39: error: ‘noexcept’ does not name a type
       operator __pointer_type() const noexcept
                                       ^
/usr/include/c++/4.8.2/atomic:307:39: error: expected ‘;’ at end of member declaration
       operator __pointer_type() const volatile noexcept
                                       ^
/usr/include/c++/4.8.2/atomic:307:48: error: ‘noexcept’ does not name a type
       operator __pointer_type() const volatile noexcept
                                                ^
/usr/include/c++/4.8.2/atomic:311:35: error: expected ‘;’ at end of member declaration
       operator=(__pointer_type __p) noexcept
                                   ^
/usr/include/c++/4.8.2/atomic:311:37: error: ‘noexcept’ does not name a type
       operator=(__pointer_type __p) noexcept
                                     ^
/usr/include/c++/4.8.2/atomic:315:37: error: expected ‘;’ at end of member declaration
       operator=(__pointer_type __p) volatile noexcept
                                     ^
/usr/include/c++/4.8.2/atomic:315:46: error: ‘noexcept’ does not name a type
       operator=(__pointer_type __p) volatile noexcept
                                              ^
/usr/include/c++/4.8.2/atomic:319:21: error: expected ‘;’ at end of member declaration
       operator++(int) noexcept
                     ^
/usr/include/c++/4.8.2/atomic:319:23: error: ‘noexcept’ does not name a type
       operator++(int) noexcept
                       ^
/usr/include/c++/4.8.2/atomic:323:23: error: expected ‘;’ at end of member declaration
       operator++(int) volatile noexcept
                       ^
/usr/include/c++/4.8.2/atomic:323:32: error: ‘noexcept’ does not name a type
       operator++(int) volatile noexcept
                                ^
/usr/include/c++/4.8.2/atomic:327:21: error: expected ‘;’ at end of member declaration
       operator--(int) noexcept
                     ^
/usr/include/c++/4.8.2/atomic:327:23: error: ‘noexcept’ does not name a type
       operator--(int) noexcept
                       ^
/usr/include/c++/4.8.2/atomic:331:23: error: expected ‘;’ at end of member declaration
       operator--(int) volatile noexcept
                       ^
/usr/include/c++/4.8.2/atomic:331:32: error: ‘noexcept’ does not name a type
       operator--(int) volatile noexcept
                                ^
/usr/include/c++/4.8.2/atomic:335:18: error: expected ‘;’ at end of member declaration
       operator++() noexcept
                  ^
/usr/include/c++/4.8.2/atomic:335:20: error: ‘noexcept’ does not name a type
       operator++() noexcept
                    ^
/usr/include/c++/4.8.2/atomic:339:20: error: expected ‘;’ at end of member declaration
       operator++() volatile noexcept
                    ^
/usr/include/c++/4.8.2/atomic:339:29: error: ‘noexcept’ does not name a type
       operator++() volatile noexcept
                             ^
/usr/include/c++/4.8.2/atomic:343:18: error: expected ‘;’ at end of member declaration
       operator--() noexcept
                  ^
/usr/include/c++/4.8.2/atomic:343:20: error: ‘noexcept’ does not name a type
       operator--() noexcept
                    ^
/usr/include/c++/4.8.2/atomic:347:20: error: expected ‘;’ at end of member declaration
       operator--() volatile noexcept
                    ^
/usr/include/c++/4.8.2/atomic:347:29: error: ‘noexcept’ does not name a type
       operator--() volatile noexcept
                             ^
/usr/include/c++/4.8.2/atomic:351:31: error: expected ‘;’ at end of member declaration
       operator+=(ptrdiff_t __d) noexcept
                               ^
/usr/include/c++/4.8.2/atomic:351:33: error: ‘noexcept’ does not name a type
       operator+=(ptrdiff_t __d) noexcept
                                 ^
/usr/include/c++/4.8.2/atomic:355:33: error: expected ‘;’ at end of member declaration
       operator+=(ptrdiff_t __d) volatile noexcept
                                 ^
/usr/include/c++/4.8.2/atomic:355:42: error: ‘noexcept’ does not name a type
       operator+=(ptrdiff_t __d) volatile noexcept
                                          ^
/usr/include/c++/4.8.2/atomic:359:31: error: expected ‘;’ at end of member declaration
       operator-=(ptrdiff_t __d) noexcept
                               ^
/usr/include/c++/4.8.2/atomic:359:33: error: ‘noexcept’ does not name a type
       operator-=(ptrdiff_t __d) noexcept
                                 ^
/usr/include/c++/4.8.2/atomic:363:33: error: expected ‘;’ at end of member declaration
       operator-=(ptrdiff_t __d) volatile noexcept
                                 ^
/usr/include/c++/4.8.2/atomic:363:42: error: ‘noexcept’ does not name a type
       operator-=(ptrdiff_t __d) volatile noexcept
                                          ^
/usr/include/c++/4.8.2/atomic:367:22: error: expected ‘;’ at end of member declaration
       is_lock_free() const noexcept
                      ^
/usr/include/c++/4.8.2/atomic:367:28: error: ‘noexcept’ does not name a type
       is_lock_free() const noexcept
                            ^
/usr/include/c++/4.8.2/atomic:371:28: error: expected ‘;’ at end of member declaration
       is_lock_free() const volatile noexcept
                            ^
/usr/include/c++/4.8.2/atomic:371:37: error: ‘noexcept’ does not name a type
       is_lock_free() const volatile noexcept
                                     ^
/usr/include/c++/4.8.2/atomic:376:45: error: expected ‘;’ at end of member declaration
      memory_order __m = memory_order_seq_cst) noexcept
                                             ^
/usr/include/c++/4.8.2/atomic:376:47: error: ‘noexcept’ does not name a type
      memory_order __m = memory_order_seq_cst) noexcept
                                               ^
/usr/include/c++/4.8.2/atomic:381:47: error: expected ‘;’ at end of member declaration
      memory_order __m = memory_order_seq_cst) volatile noexcept
                                               ^
/usr/include/c++/4.8.2/atomic:381:56: error: ‘noexcept’ does not name a type
      memory_order __m = memory_order_seq_cst) volatile noexcept
                                                        ^
/usr/include/c++/4.8.2/atomic:385:53: error: expected ‘;’ at end of member declaration
       load(memory_order __m = memory_order_seq_cst) const noexcept
                                                     ^
/usr/include/c++/4.8.2/atomic:385:59: error: ‘noexcept’ does not name a type
       load(memory_order __m = memory_order_seq_cst) const noexcept
                                                           ^
/usr/include/c++/4.8.2/atomic:389:59: error: expected ‘;’ at end of member declaration
       load(memory_order __m = memory_order_seq_cst) const volatile noexcept
                                                           ^
/usr/include/c++/4.8.2/atomic:389:68: error: ‘noexcept’ does not name a type
       load(memory_order __m = memory_order_seq_cst) const volatile noexcept
                                                                    ^
/usr/include/c++/4.8.2/atomic:394:48: error: expected ‘;’ at end of member declaration
         memory_order __m = memory_order_seq_cst) noexcept
                                                ^
/usr/include/c++/4.8.2/atomic:394:50: error: ‘noexcept’ does not name a type
         memory_order __m = memory_order_seq_cst) noexcept
                                                  ^
/usr/include/c++/4.8.2/atomic:399:50: error: expected ‘;’ at end of member declaration
         memory_order __m = memory_order_seq_cst) volatile noexcept
                                                  ^
/usr/include/c++/4.8.2/atomic:399:59: error: ‘noexcept’ does not name a type
         memory_order __m = memory_order_seq_cst) volatile noexcept
                                                           ^
/usr/include/c++/4.8.2/atomic:404:44: error: expected ‘;’ at end of member declaration
        memory_order __m1, memory_order __m2) noexcept
                                            ^
/usr/include/c++/4.8.2/atomic:404:46: error: ‘noexcept’ does not name a type
        memory_order __m1, memory_order __m2) noexcept
                                              ^
/usr/include/c++/4.8.2/atomic:410:27: error: expected ‘;’ at end of member declaration
        memory_order __m2) volatile noexcept
                           ^
/usr/include/c++/4.8.2/atomic:410:36: error: ‘noexcept’ does not name a type
        memory_order __m2) volatile noexcept
                                    ^
/usr/include/c++/4.8.2/atomic:415:47: error: expected ‘;’ at end of member declaration
        memory_order __m = memory_order_seq_cst) noexcept
                                               ^
/usr/include/c++/4.8.2/atomic:415:49: error: ‘noexcept’ does not name a type
        memory_order __m = memory_order_seq_cst) noexcept
                                                 ^
/usr/include/c++/4.8.2/atomic:423:48: error: expected ‘;’ at end of member declaration
       memory_order __m = memory_order_seq_cst) volatile noexcept
                                                ^
/usr/include/c++/4.8.2/atomic:423:57: error: ‘noexcept’ does not name a type
       memory_order __m = memory_order_seq_cst) volatile noexcept
                                                         ^
/usr/include/c++/4.8.2/atomic:431:46: error: expected ‘;’ at end of member declaration
          memory_order __m1, memory_order __m2) noexcept
                                              ^
/usr/include/c++/4.8.2/atomic:431:48: error: ‘noexcept’ does not name a type
          memory_order __m1, memory_order __m2) noexcept
                                                ^
/usr/include/c++/4.8.2/atomic:437:29: error: expected ‘;’ at end of member declaration
          memory_order __m2) volatile noexcept
                             ^
/usr/include/c++/4.8.2/atomic:437:38: error: ‘noexcept’ does not name a type
          memory_order __m2) volatile noexcept
                                      ^
/usr/include/c++/4.8.2/atomic:442:49: error: expected ‘;’ at end of member declaration
          memory_order __m = memory_order_seq_cst) noexcept
                                                 ^
/usr/include/c++/4.8.2/atomic:442:51: error: ‘noexcept’ does not name a type
          memory_order __m = memory_order_seq_cst) noexcept
                                                   ^
/usr/include/c++/4.8.2/atomic:450:48: error: expected ‘;’ at end of member declaration
       memory_order __m = memory_order_seq_cst) volatile noexcept
                                                ^
/usr/include/c++/4.8.2/atomic:450:57: error: ‘noexcept’ does not name a type
       memory_order __m = memory_order_seq_cst) volatile noexcept
                                                         ^
/usr/include/c++/4.8.2/atomic:458:42: error: expected ‘;’ at end of member declaration
   memory_order __m = memory_order_seq_cst) noexcept
                                          ^
/usr/include/c++/4.8.2/atomic:458:44: error: ‘noexcept’ does not name a type
   memory_order __m = memory_order_seq_cst) noexcept
                                            ^
/usr/include/c++/4.8.2/atomic:463:44: error: expected ‘;’ at end of member declaration
   memory_order __m = memory_order_seq_cst) volatile noexcept
                                            ^
/usr/include/c++/4.8.2/atomic:463:53: error: ‘noexcept’ does not name a type
   memory_order __m = memory_order_seq_cst) volatile noexcept
                                                     ^
/usr/include/c++/4.8.2/atomic:468:42: error: expected ‘;’ at end of member declaration
   memory_order __m = memory_order_seq_cst) noexcept
                                          ^
/usr/include/c++/4.8.2/atomic:468:44: error: ‘noexcept’ does not name a type
   memory_order __m = memory_order_seq_cst) noexcept
                                            ^
/usr/include/c++/4.8.2/atomic:473:44: error: expected ‘;’ at end of member declaration
   memory_order __m = memory_order_seq_cst) volatile noexcept
                                            ^
/usr/include/c++/4.8.2/atomic:473:53: error: ‘noexcept’ does not name a type
   memory_order __m = memory_order_seq_cst) volatile noexcept
                                                     ^
/usr/include/c++/4.8.2/atomic:485:14: error: expected ‘;’ at end of member declaration
       atomic() noexcept = default;
              ^
/usr/include/c++/4.8.2/atomic:485:16: error: ‘noexcept’ does not name a type
       atomic() noexcept = default;
                ^
/usr/include/c++/4.8.2/atomic:486:15: error: expected ‘;’ at end of member declaration
       ~atomic() noexcept = default;
               ^
/usr/include/c++/4.8.2/atomic:486:17: error: ‘noexcept’ does not name a type
       ~atomic() noexcept = default;
                 ^
/usr/include/c++/4.8.2/atomic:491:7: error: ‘constexpr’ does not name a type
       constexpr atomic(__integral_type __i) noexcept : __base_type(__i) { }
       ^
/usr/include/c++/4.8.2/atomic:491:7: note: C++11 ‘constexpr’ only available with -std=c++11 or -std=gnu++11
/usr/include/c++/4.8.2/atomic:504:14: error: expected ‘;’ at end of member declaration
       atomic() noexcept = default;
              ^
/usr/include/c++/4.8.2/atomic:504:16: error: ‘noexcept’ does not name a type
       atomic() noexcept = default;
                ^
/usr/include/c++/4.8.2/atomic:505:15: error: expected ‘;’ at end of member declaration
       ~atomic() noexcept = default;
               ^
/usr/include/c++/4.8.2/atomic:505:17: error: ‘noexcept’ does not name a type
       ~atomic() noexcept = default;
                 ^
/usr/include/c++/4.8.2/atomic:510:7: error: ‘constexpr’ does not name a type
       constexpr atomic(__integral_type __i) noexcept : __base_type(__i) { }
       ^
/usr/include/c++/4.8.2/atomic:510:7: note: C++11 ‘constexpr’ only available with -std=c++11 or -std=gnu++11
/usr/include/c++/4.8.2/atomic:523:14: error: expected ‘;’ at end of member declaration
       atomic() noexcept= default;
              ^
/usr/include/c++/4.8.2/atomic:523:16: error: ‘noexcept’ does not name a type
       atomic() noexcept= default;
                ^
/usr/include/c++/4.8.2/atomic:524:15: error: expected ‘;’ at end of member declaration
       ~atomic() noexcept = default;
               ^
/usr/include/c++/4.8.2/atomic:524:17: error: ‘noexcept’ does not name a type
       ~atomic() noexcept = default;
                 ^
/usr/include/c++/4.8.2/atomic:529:7: error: ‘constexpr’ does not name a type
       constexpr atomic(__integral_type __i) noexcept : __base_type(__i) { }
       ^
/usr/include/c++/4.8.2/atomic:529:7: note: C++11 ‘constexpr’ only available with -std=c++11 or -std=gnu++11
/usr/include/c++/4.8.2/atomic:542:14: error: expected ‘;’ at end of member declaration
       atomic() noexcept= default;
              ^
/usr/include/c++/4.8.2/atomic:542:16: error: ‘noexcept’ does not name a type
       atomic() noexcept= default;
                ^
/usr/include/c++/4.8.2/atomic:543:15: error: expected ‘;’ at end of member declaration
       ~atomic() noexcept = default;
               ^
/usr/include/c++/4.8.2/atomic:543:17: error: ‘noexcept’ does not name a type
       ~atomic() noexcept = default;
                 ^
/usr/include/c++/4.8.2/atomic:548:7: error: ‘constexpr’ does not name a type
       constexpr atomic(__integral_type __i) noexcept : __base_type(__i) { }
       ^
/usr/include/c++/4.8.2/atomic:548:7: note: C++11 ‘constexpr’ only available with -std=c++11 or -std=gnu++11
/usr/include/c++/4.8.2/atomic:561:14: error: expected ‘;’ at end of member declaration
       atomic() noexcept = default;
              ^
/usr/include/c++/4.8.2/atomic:561:16: error: ‘noexcept’ does not name a type
       atomic() noexcept = default;
                ^
/usr/include/c++/4.8.2/atomic:562:15: error: expected ‘;’ at end of member declaration
       ~atomic() noexcept = default;
               ^
/usr/include/c++/4.8.2/atomic:562:17: error: ‘noexcept’ does not name a type
       ~atomic() noexcept = default;
                 ^
/usr/include/c++/4.8.2/atomic:567:7: error: ‘constexpr’ does not name a type
       constexpr atomic(__integral_type __i) noexcept : __base_type(__i) { }
       ^
/usr/include/c++/4.8.2/atomic:567:7: note: C++11 ‘constexpr’ only available with -std=c++11 or -std=gnu++11
/usr/include/c++/4.8.2/atomic:580:14: error: expected ‘;’ at end of member declaration
       atomic() noexcept = default;
              ^
/usr/include/c++/4.8.2/atomic:580:16: error: ‘noexcept’ does not name a type
       atomic() noexcept = default;
                ^
/usr/include/c++/4.8.2/atomic:581:15: error: expected ‘;’ at end of member declaration
       ~atomic() noexcept = default;
               ^
/usr/include/c++/4.8.2/atomic:581:17: error: ‘noexcept’ does not name a type
       ~atomic() noexcept = default;
                 ^
/usr/include/c++/4.8.2/atomic:586:7: error: ‘constexpr’ does not name a type
       constexpr atomic(__integral_type __i) noexcept : __base_type(__i) { }
       ^
/usr/include/c++/4.8.2/atomic:586:7: note: C++11 ‘constexpr’ only available with -std=c++11 or -std=gnu++11
/usr/include/c++/4.8.2/atomic:599:14: error: expected ‘;’ at end of member declaration
       atomic() noexcept = default;
              ^
/usr/include/c++/4.8.2/atomic:599:16: error: ‘noexcept’ does not name a type
       atomic() noexcept = default;
                ^
/usr/include/c++/4.8.2/atomic:600:15: error: expected ‘;’ at end of member declaration
       ~atomic() noexcept = default;
               ^
/usr/include/c++/4.8.2/atomic:600:17: error: ‘noexcept’ does not name a type
       ~atomic() noexcept = default;
                 ^
/usr/include/c++/4.8.2/atomic:605:7: error: ‘constexpr’ does not name a type
       constexpr atomic(__integral_type __i) noexcept : __base_type(__i) { }
       ^
/usr/include/c++/4.8.2/atomic:605:7: note: C++11 ‘constexpr’ only available with -std=c++11 or -std=gnu++11
/usr/include/c++/4.8.2/atomic:618:14: error: expected ‘;’ at end of member declaration
       atomic() noexcept = default;
              ^
/usr/include/c++/4.8.2/atomic:618:16: error: ‘noexcept’ does not name a type
       atomic() noexcept = default;
                ^
/usr/include/c++/4.8.2/atomic:619:15: error: expected ‘;’ at end of member declaration
       ~atomic() noexcept = default;
               ^
/usr/include/c++/4.8.2/atomic:619:17: error: ‘noexcept’ does not name a type
       ~atomic() noexcept = default;
                 ^
/usr/include/c++/4.8.2/atomic:624:7: error: ‘constexpr’ does not name a type
       constexpr atomic(__integral_type __i) noexcept : __base_type(__i) { }
       ^
/usr/include/c++/4.8.2/atomic:624:7: note: C++11 ‘constexpr’ only available with -std=c++11 or -std=gnu++11
/usr/include/c++/4.8.2/atomic:637:14: error: expected ‘;’ at end of member declaration
       atomic() noexcept = default;
              ^
/usr/include/c++/4.8.2/atomic:637:16: error: ‘noexcept’ does not name a type
       atomic() noexcept = default;
                ^
/usr/include/c++/4.8.2/atomic:638:15: error: expected ‘;’ at end of member declaration
       ~atomic() noexcept = default;
               ^
/usr/include/c++/4.8.2/atomic:638:17: error: ‘noexcept’ does not name a type
       ~atomic() noexcept = default;
                 ^
/usr/include/c++/4.8.2/atomic:643:7: error: ‘constexpr’ does not name a type
       constexpr atomic(__integral_type __i) noexcept : __base_type(__i) { }
       ^
/usr/include/c++/4.8.2/atomic:643:7: note: C++11 ‘constexpr’ only available with -std=c++11 or -std=gnu++11
/usr/include/c++/4.8.2/atomic:656:14: error: expected ‘;’ at end of member declaration
       atomic() noexcept = default;
              ^
/usr/include/c++/4.8.2/atomic:656:16: error: ‘noexcept’ does not name a type
       atomic() noexcept = default;
                ^
/usr/include/c++/4.8.2/atomic:657:15: error: expected ‘;’ at end of member declaration
       ~atomic() noexcept = default;
               ^
/usr/include/c++/4.8.2/atomic:657:17: error: ‘noexcept’ does not name a type
       ~atomic() noexcept = default;
                 ^
/usr/include/c++/4.8.2/atomic:662:7: error: ‘constexpr’ does not name a type
       constexpr atomic(__integral_type __i) noexcept : __base_type(__i) { }
       ^
/usr/include/c++/4.8.2/atomic:662:7: note: C++11 ‘constexpr’ only available with -std=c++11 or -std=gnu++11
/usr/include/c++/4.8.2/atomic:675:14: error: expected ‘;’ at end of member declaration
       atomic() noexcept = default;
              ^
/usr/include/c++/4.8.2/atomic:675:16: error: ‘noexcept’ does not name a type
       atomic() noexcept = default;
                ^
/usr/include/c++/4.8.2/atomic:676:15: error: expected ‘;’ at end of member declaration
       ~atomic() noexcept = default;
               ^
/usr/include/c++/4.8.2/atomic:676:17: error: ‘noexcept’ does not name a type
       ~atomic() noexcept = default;
                 ^
/usr/include/c++/4.8.2/atomic:681:7: error: ‘constexpr’ does not name a type
       constexpr atomic(__integral_type __i) noexcept : __base_type(__i) { }
       ^
/usr/include/c++/4.8.2/atomic:681:7: note: C++11 ‘constexpr’ only available with -std=c++11 or -std=gnu++11
/usr/include/c++/4.8.2/atomic:694:14: error: expected ‘;’ at end of member declaration
       atomic() noexcept = default;
              ^
/usr/include/c++/4.8.2/atomic:694:16: error: ‘noexcept’ does not name a type
       atomic() noexcept = default;
                ^
/usr/include/c++/4.8.2/atomic:695:15: error: expected ‘;’ at end of member declaration
       ~atomic() noexcept = default;
               ^
/usr/include/c++/4.8.2/atomic:695:17: error: ‘noexcept’ does not name a type
       ~atomic() noexcept = default;
                 ^
/usr/include/c++/4.8.2/atomic:700:7: error: ‘constexpr’ does not name a type
       constexpr atomic(__integral_type __i) noexcept : __base_type(__i) { }
       ^
/usr/include/c++/4.8.2/atomic:700:7: note: C++11 ‘constexpr’ only available with -std=c++11 or -std=gnu++11
/usr/include/c++/4.8.2/atomic:713:14: error: expected ‘;’ at end of member declaration
       atomic() noexcept = default;
              ^
/usr/include/c++/4.8.2/atomic:713:16: error: ‘noexcept’ does not name a type
       atomic() noexcept = default;
                ^
/usr/include/c++/4.8.2/atomic:714:15: error: expected ‘;’ at end of member declaration
       ~atomic() noexcept = default;
               ^
/usr/include/c++/4.8.2/atomic:714:17: error: ‘noexcept’ does not name a type
       ~atomic() noexcept = default;
                 ^
/usr/include/c++/4.8.2/atomic:719:7: error: ‘constexpr’ does not name a type
       constexpr atomic(__integral_type __i) noexcept : __base_type(__i) { }
       ^
/usr/include/c++/4.8.2/atomic:719:7: note: C++11 ‘constexpr’ only available with -std=c++11 or -std=gnu++11
/usr/include/c++/4.8.2/atomic:727:19: error: ‘char16_t’ was not declared in this scope
     struct atomic<char16_t> : public atomic_char16_t
                   ^
/usr/include/c++/4.8.2/atomic:727:27: error: template argument 1 is invalid
     struct atomic<char16_t> : public atomic_char16_t
                           ^
/usr/include/c++/4.8.2/atomic:728:5: error: expected class-name before ‘{’ token
     {
     ^
/usr/include/c++/4.8.2/atomic:746:19: error: ‘char32_t’ was not declared in this scope
     struct atomic<char32_t> : public atomic_char32_t
                   ^
/usr/include/c++/4.8.2/atomic:746:27: error: template argument 1 is invalid
     struct atomic<char32_t> : public atomic_char32_t
                           ^
/usr/include/c++/4.8.2/atomic:747:5: error: expected class-name before ‘{’ token
     {
     ^
/usr/include/c++/4.8.2/atomic:767:27: error: expected initializer before ‘noexcept’
         memory_order __m) noexcept
                           ^
/usr/include/c++/4.8.2/atomic:772:27: error: expected initializer before ‘noexcept’
         memory_order __m) noexcept
                           ^
/usr/include/c++/4.8.2/atomic:776:66: error: expected initializer before ‘noexcept’
   atomic_flag_clear_explicit(atomic_flag* __a, memory_order __m) noexcept
                                                                  ^
/usr/include/c++/4.8.2/atomic:781:27: error: expected initializer before ‘noexcept’
         memory_order __m) noexcept
                           ^
/usr/include/c++/4.8.2/atomic:785:46: error: expected initializer before ‘noexcept’
   atomic_flag_test_and_set(atomic_flag* __a) noexcept
                                              ^
/usr/include/c++/4.8.2/atomic:789:55: error: expected initializer before ‘noexcept’
   atomic_flag_test_and_set(volatile atomic_flag* __a) noexcept
                                                       ^
/usr/include/c++/4.8.2/atomic:793:39: error: expected initializer before ‘noexcept’
   atomic_flag_clear(atomic_flag* __a) noexcept
                                       ^
/usr/include/c++/4.8.2/atomic:797:48: error: expected initializer before ‘noexcept’
   atomic_flag_clear(volatile atomic_flag* __a) noexcept
                                                ^
/usr/include/c++/4.8.2/atomic:804:50: error: expected initializer before ‘noexcept’
     atomic_is_lock_free(const atomic<_ITp>* __a) noexcept
                                                  ^
/usr/include/c++/4.8.2/atomic:809:59: error: expected initializer before ‘noexcept’
     atomic_is_lock_free(const volatile atomic<_ITp>* __a) noexcept
                                                           ^
/usr/include/c++/4.8.2/atomic:814:46: error: expected initializer before ‘noexcept’
     atomic_init(atomic<_ITp>* __a, _ITp __i) noexcept;
                                              ^
/usr/include/c++/4.8.2/atomic:818:55: error: expected initializer before ‘noexcept’
     atomic_init(volatile atomic<_ITp>* __a, _ITp __i) noexcept;
                                                       ^
/usr/include/c++/4.8.2/atomic:823:24: error: expected initializer before ‘noexcept’
      memory_order __m) noexcept
                        ^
/usr/include/c++/4.8.2/atomic:829:24: error: expected initializer before ‘noexcept’
      memory_order __m) noexcept
                        ^
/usr/include/c++/4.8.2/atomic:834:69: error: expected initializer before ‘noexcept’
     atomic_load_explicit(const atomic<_ITp>* __a, memory_order __m) noexcept
                                                                     ^
/usr/include/c++/4.8.2/atomic:840:23: error: expected initializer before ‘noexcept’
     memory_order __m) noexcept
                       ^
/usr/include/c++/4.8.2/atomic:846:27: error: expected initializer before ‘noexcept’
         memory_order __m) noexcept
                           ^
/usr/include/c++/4.8.2/atomic:852:27: error: expected initializer before ‘noexcept’
         memory_order __m) noexcept
                           ^
/usr/include/c++/4.8.2/atomic:860:27: error: expected initializer before ‘noexcept’
        memory_order __m2) noexcept
                           ^
/usr/include/c++/4.8.2/atomic:868:27: error: expected initializer before ‘noexcept’
        memory_order __m2) noexcept
                           ^
/usr/include/c++/4.8.2/atomic:876:29: error: expected initializer before ‘noexcept’
          memory_order __m2) noexcept
                             ^
/usr/include/c++/4.8.2/atomic:884:29: error: expected initializer before ‘noexcept’
          memory_order __m2) noexcept
                             ^
/usr/include/c++/4.8.2/atomic:890:47: error: expected initializer before ‘noexcept’
     atomic_store(atomic<_ITp>* __a, _ITp __i) noexcept
                                               ^
/usr/include/c++/4.8.2/atomic:895:56: error: expected initializer before ‘noexcept’
     atomic_store(volatile atomic<_ITp>* __a, _ITp __i) noexcept
                                                        ^
/usr/include/c++/4.8.2/atomic:900:42: error: expected initializer before ‘noexcept’
     atomic_load(const atomic<_ITp>* __a) noexcept
                                          ^
/usr/include/c++/4.8.2/atomic:905:51: error: expected initializer before ‘noexcept’
     atomic_load(const volatile atomic<_ITp>* __a) noexcept
                                                   ^
/usr/include/c++/4.8.2/atomic:910:50: error: expected initializer before ‘noexcept’
     atomic_exchange(atomic<_ITp>* __a, _ITp __i) noexcept
                                                  ^
/usr/include/c++/4.8.2/atomic:915:59: error: expected initializer before ‘noexcept’
     atomic_exchange(volatile atomic<_ITp>* __a, _ITp __i) noexcept
                                                           ^
/usr/include/c++/4.8.2/atomic:921:29: error: expected initializer before ‘noexcept’
      _ITp* __i1, _ITp __i2) noexcept
                             ^
/usr/include/c++/4.8.2/atomic:931:29: error: expected initializer before ‘noexcept’
      _ITp* __i1, _ITp __i2) noexcept
                             ^
/usr/include/c++/4.8.2/atomic:941:31: error: expected initializer before ‘noexcept’
        _ITp* __i1, _ITp __i2) noexcept
                               ^
/usr/include/c++/4.8.2/atomic:951:31: error: expected initializer before ‘noexcept’
        _ITp* __i1, _ITp __i2) noexcept
                               ^
/usr/include/c++/4.8.2/atomic:965:28: error: expected initializer before ‘noexcept’
          memory_order __m) noexcept
                            ^
/usr/include/c++/4.8.2/atomic:971:28: error: expected initializer before ‘noexcept’
          memory_order __m) noexcept
                            ^
/usr/include/c++/4.8.2/atomic:977:28: error: expected initializer before ‘noexcept’
          memory_order __m) noexcept
                            ^
/usr/include/c++/4.8.2/atomic:983:28: error: expected initializer before ‘noexcept’
          memory_order __m) noexcept
                            ^
/usr/include/c++/4.8.2/atomic:989:28: error: expected initializer before ‘noexcept’
          memory_order __m) noexcept
                            ^
/usr/include/c++/4.8.2/atomic:995:28: error: expected initializer before ‘noexcept’
          memory_order __m) noexcept
                            ^
/usr/include/c++/4.8.2/atomic:1001:27: error: expected initializer before ‘noexcept’
         memory_order __m) noexcept
                           ^
/usr/include/c++/4.8.2/atomic:1007:27: error: expected initializer before ‘noexcept’
         memory_order __m) noexcept
                           ^
/usr/include/c++/4.8.2/atomic:1013:28: error: expected initializer before ‘noexcept’
          memory_order __m) noexcept
                            ^
/usr/include/c++/4.8.2/atomic:1019:28: error: expected initializer before ‘noexcept’
          memory_order __m) noexcept
                            ^
/usr/include/c++/4.8.2/atomic:1024:58: error: expected initializer before ‘noexcept’
     atomic_fetch_add(__atomic_base<_ITp>* __a, _ITp __i) noexcept
                                                          ^
/usr/include/c++/4.8.2/atomic:1029:67: error: expected initializer before ‘noexcept’
     atomic_fetch_add(volatile __atomic_base<_ITp>* __a, _ITp __i) noexcept
                                                                   ^
/usr/include/c++/4.8.2/atomic:1034:58: error: expected initializer before ‘noexcept’
     atomic_fetch_sub(__atomic_base<_ITp>* __a, _ITp __i) noexcept
                                                          ^
/usr/include/c++/4.8.2/atomic:1039:67: error: expected initializer before ‘noexcept’
     atomic_fetch_sub(volatile __atomic_base<_ITp>* __a, _ITp __i) noexcept
                                                                   ^
/usr/include/c++/4.8.2/atomic:1044:58: error: expected initializer before ‘noexcept’
     atomic_fetch_and(__atomic_base<_ITp>* __a, _ITp __i) noexcept
                                                          ^
/usr/include/c++/4.8.2/atomic:1049:67: error: expected initializer before ‘noexcept’
     atomic_fetch_and(volatile __atomic_base<_ITp>* __a, _ITp __i) noexcept
                                                                   ^
/usr/include/c++/4.8.2/atomic:1054:57: error: expected initializer before ‘noexcept’
     atomic_fetch_or(__atomic_base<_ITp>* __a, _ITp __i) noexcept
                                                         ^
/usr/include/c++/4.8.2/atomic:1059:66: error: expected initializer before ‘noexcept’
     atomic_fetch_or(volatile __atomic_base<_ITp>* __a, _ITp __i) noexcept
                                                                  ^
/usr/include/c++/4.8.2/atomic:1064:58: error: expected initializer before ‘noexcept’
     atomic_fetch_xor(__atomic_base<_ITp>* __a, _ITp __i) noexcept
                                                          ^
/usr/include/c++/4.8.2/atomic:1069:67: error: expected initializer before ‘noexcept’
     atomic_fetch_xor(volatile __atomic_base<_ITp>* __a, _ITp __i) noexcept
                                                                   ^
/usr/include/c++/4.8.2/atomic:1077:28: error: expected initializer before ‘noexcept’
          memory_order __m) noexcept
                            ^
/usr/include/c++/4.8.2/atomic:1083:28: error: expected initializer before ‘noexcept’
          memory_order __m) noexcept
                            ^
/usr/include/c++/4.8.2/atomic:1088:66: error: expected initializer before ‘noexcept’
     atomic_fetch_add(volatile atomic<_ITp*>* __a, ptrdiff_t __d) noexcept
                                                                  ^
/usr/include/c++/4.8.2/atomic:1093:57: error: expected initializer before ‘noexcept’
     atomic_fetch_add(atomic<_ITp*>* __a, ptrdiff_t __d) noexcept
                                                         ^
/usr/include/c++/4.8.2/atomic:1099:43: error: expected initializer before ‘noexcept’
          ptrdiff_t __d, memory_order __m) noexcept
                                           ^
/usr/include/c++/4.8.2/atomic:1105:28: error: expected initializer before ‘noexcept’
          memory_order __m) noexcept
                            ^
/usr/include/c++/4.8.2/atomic:1110:66: error: expected initializer before ‘noexcept’
     atomic_fetch_sub(volatile atomic<_ITp*>* __a, ptrdiff_t __d) noexcept
                                                                  ^
/usr/include/c++/4.8.2/atomic:1115:57: error: expected initializer before ‘noexcept’
     atomic_fetch_sub(atomic<_ITp*>* __a, ptrdiff_t __d) noexcept
                                                         ^
In file included from ../../../../libs/openFrameworks/events/ofEventUtils.h:4:0,
                 from ../../../../libs/openFrameworks/events/ofEvents.h:4,
                 from /home/student/Assignment3/OpenISS/openFrameworks/libs/openFrameworks/utils/ofURLFileLoader.h:3,
                 from /home/student/Assignment3/OpenISS/openFrameworks/libs/openFrameworks/ofMain.h:11,
                 from main.cpp:1:
../../../../libs/openFrameworks/events/ofEvent.h:38:44: warning: defaulted and deleted functions only available with -std=c++11 or -std=gnu++11 [enabled by default]
   BaseFunctionId(const BaseFunctionId &) = delete;
                                            ^
../../../../libs/openFrameworks/events/ofEvent.h:39:56: warning: defaulted and deleted functions only available with -std=c++11 or -std=gnu++11 [enabled by default]
   BaseFunctionId & operator=(const BaseFunctionId &) = delete;
                                                        ^
../../../../libs/openFrameworks/events/ofEvent.h: In member function ‘virtual bool of::priv::StdFunctionId::operator==(const of::priv::BaseFunctionId&) const’:
../../../../libs/openFrameworks/events/ofEvent.h:60:17: error: ISO C++ forbids declaration of ‘other’ with no type [-fpermissive]
    const auto * other = dynamic_cast<const StdFunctionId*>(&otherid);
                 ^
../../../../libs/openFrameworks/events/ofEvent.h:60:68: error: cannot convert ‘const of::priv::StdFunctionId*’ to ‘const int*’ in initialization
    const auto * other = dynamic_cast<const StdFunctionId*>(&otherid);
                                                                    ^
../../../../libs/openFrameworks/events/ofEvent.h:61:33: error: request for member ‘id’ in ‘* other’, which is of non-class type ‘const int’
    return other && id == other->id;
                                 ^
../../../../libs/openFrameworks/events/ofEvent.h: At global scope:
../../../../libs/openFrameworks/events/ofEvent.h:71:9: error: ‘unique_ptr’ in namespace ‘std’ does not name a type
  inline std::unique_ptr<StdFunctionId> make_function_id(){
         ^
../../../../libs/openFrameworks/events/ofEvent.h:79:31: error: ‘std::function’ has not been declared
   Function(int priority, std::function<bool(const void*,T&)> function,  std::unique_ptr<BaseFunctionId>&& id )
                               ^
../../../../libs/openFrameworks/events/ofEvent.h:79:39: error: expected ‘,’ or ‘...’ before ‘<’ token
   Function(int priority, std::function<bool(const void*,T&)> function,  std::unique_ptr<BaseFunctionId>&& id )
                                       ^
../../../../libs/openFrameworks/events/ofEvent.h:103:3: error: ‘unique_ptr’ in namespace ‘std’ does not name a type
   std::unique_ptr<BaseFunctionId> id;
   ^
../../../../libs/openFrameworks/events/ofEvent.h:106:3: error: ‘function’ in namespace ‘std’ does not name a type
   std::function<bool(const void*,T&)> function;
   ^
../../../../libs/openFrameworks/events/ofEvent.h: In constructor ‘of::priv::Function<T, Mutex>::Function(int, int)’:
../../../../libs/openFrameworks/events/ofEvent.h:81:4: error: class ‘of::priv::Function<T, Mutex>’ does not have any field named ‘id’
   ,id(std::move(id))
    ^
../../../../libs/openFrameworks/events/ofEvent.h:81:7: error: ‘move’ is not a member of ‘std’
   ,id(std::move(id))
       ^
../../../../libs/openFrameworks/events/ofEvent.h:81:17: error: ‘id’ was not declared in this scope
   ,id(std::move(id))
                 ^
../../../../libs/openFrameworks/events/ofEvent.h:82:4: error: class ‘of::priv::Function<T, Mutex>’ does not have any field named ‘function’
   ,function(function){}
    ^
../../../../libs/openFrameworks/events/ofEvent.h:82:13: error: ‘function’ was not declared in this scope
   ,function(function){}
             ^
../../../../libs/openFrameworks/events/ofEvent.h: In member function ‘bool of::priv::Function<T, Mutex>::operator==(const of::priv::Function<T, Mutex>&) const’:
../../../../libs/openFrameworks/events/ofEvent.h:85:38: error: ‘id’ was not declared in this scope
    return f.priority == priority && *id == *f.id;
                                      ^
../../../../libs/openFrameworks/events/ofEvent.h: In member function ‘bool of::priv::Function<T, Mutex>::notify(const void*, T&)’:
../../../../libs/openFrameworks/events/ofEvent.h:89:4: error: ‘unique_lock’ is not a member of ‘std’
    std::unique_lock<Mutex> lck(mtx);
    ^
../../../../libs/openFrameworks/events/ofEvent.h:89:26: error: expected primary-expression before ‘>’ token
    std::unique_lock<Mutex> lck(mtx);
                          ^
../../../../libs/openFrameworks/events/ofEvent.h:92:11: error: expected type-specifier
    }catch(std::bad_function_call &){
           ^
../../../../libs/openFrameworks/events/ofEvent.h:92:34: error: expected unqualified-id before ‘&’ token
    }catch(std::bad_function_call &){
                                  ^
../../../../libs/openFrameworks/events/ofEvent.h:92:34: error: expected ‘)’ before ‘&’ token
../../../../libs/openFrameworks/events/ofEvent.h:92:34: error: expected ‘{’ before ‘&’ token
../../../../libs/openFrameworks/events/ofEvent.h:92:35: error: expected primary-expression before ‘)’ token
    }catch(std::bad_function_call &){
                                   ^
../../../../libs/openFrameworks/events/ofEvent.h:92:35: error: expected ‘;’ before ‘)’ token
../../../../libs/openFrameworks/events/ofEvent.h: In member function ‘void of::priv::Function<T, Mutex>::disable()’:
../../../../libs/openFrameworks/events/ofEvent.h:98:4: error: ‘unique_lock’ is not a member of ‘std’
    std::unique_lock<Mutex> lck(mtx);
    ^
../../../../libs/openFrameworks/events/ofEvent.h:98:26: error: expected primary-expression before ‘>’ token
    std::unique_lock<Mutex> lck(mtx);
                          ^
../../../../libs/openFrameworks/events/ofEvent.h:99:4: error: ‘function’ was not declared in this scope
    function = nullptr;
    ^
../../../../libs/openFrameworks/events/ofEvent.h:99:15: error: ‘nullptr’ was not declared in this scope
    function = nullptr;
               ^
../../../../libs/openFrameworks/events/ofEvent.h: At global scope:
../../../../libs/openFrameworks/events/ofEvent.h:114:31: error: ‘std::function’ has not been declared
   Function(int priority, std::function<bool(const void*)> function,  std::unique_ptr<BaseFunctionId> && id )
                               ^
../../../../libs/openFrameworks/events/ofEvent.h:114:39: error: expected ‘,’ or ‘...’ before ‘<’ token
   Function(int priority, std::function<bool(const void*)> function,  std::unique_ptr<BaseFunctionId> && id )
                                       ^
../../../../libs/openFrameworks/events/ofEvent.h:138:3: error: ‘unique_ptr’ in namespace ‘std’ does not name a type
   std::unique_ptr<BaseFunctionId> id;
   ^
../../../../libs/openFrameworks/events/ofEvent.h:140:3: error: ‘function’ in namespace ‘std’ does not name a type
   std::function<bool(const void*)> function;
   ^
../../../../libs/openFrameworks/events/ofEvent.h: In constructor ‘of::priv::Function<void, Mutex>::Function(int, int)’:
../../../../libs/openFrameworks/events/ofEvent.h:116:4: error: class ‘of::priv::Function<void, Mutex>’ does not have any field named ‘id’
   ,id(std::move(id))
    ^
../../../../libs/openFrameworks/events/ofEvent.h:116:7: error: ‘move’ is not a member of ‘std’
   ,id(std::move(id))
       ^
../../../../libs/openFrameworks/events/ofEvent.h:116:17: error: ‘id’ was not declared in this scope
   ,id(std::move(id))
                 ^
../../../../libs/openFrameworks/events/ofEvent.h:117:4: error: class ‘of::priv::Function<void, Mutex>’ does not have any field named ‘function’
   ,function(function){}
    ^
../../../../libs/openFrameworks/events/ofEvent.h:117:13: error: ‘function’ was not declared in this scope
   ,function(function){}
             ^
../../../../libs/openFrameworks/events/ofEvent.h: In member function ‘bool of::priv::Function<void, Mutex>::operator==(const of::priv::Function<void, Mutex>&) const’:
../../../../libs/openFrameworks/events/ofEvent.h:120:38: error: ‘id’ was not declared in this scope
    return f.priority == priority && *id == *f.id;
                                      ^
../../../../libs/openFrameworks/events/ofEvent.h: In member function ‘bool of::priv::Function<void, Mutex>::notify(const void*)’:
../../../../libs/openFrameworks/events/ofEvent.h:124:4: error: ‘unique_lock’ is not a member of ‘std’
    std::unique_lock<Mutex> lck(mtx);
    ^
../../../../libs/openFrameworks/events/ofEvent.h:124:26: error: expected primary-expression before ‘>’ token
    std::unique_lock<Mutex> lck(mtx);
                          ^
../../../../libs/openFrameworks/events/ofEvent.h:126:22: error: there are no arguments to ‘function’ that depend on a template parameter, so a declaration of ‘function’ must be available [-fpermissive]
     return function(s);
                      ^
../../../../libs/openFrameworks/events/ofEvent.h:126:22: note: (if you use ‘-fpermissive’, G++ will accept your code, but allowing the use of an undeclared name is deprecated)
../../../../libs/openFrameworks/events/ofEvent.h:127:11: error: expected type-specifier
    }catch(std::bad_function_call &){
           ^
../../../../libs/openFrameworks/events/ofEvent.h:127:34: error: expected unqualified-id before ‘&’ token
    }catch(std::bad_function_call &){
                                  ^
../../../../libs/openFrameworks/events/ofEvent.h:127:34: error: expected ‘)’ before ‘&’ token
../../../../libs/openFrameworks/events/ofEvent.h:127:34: error: expected ‘{’ before ‘&’ token
../../../../libs/openFrameworks/events/ofEvent.h:127:35: error: expected primary-expression before ‘)’ token
    }catch(std::bad_function_call &){
                                   ^
../../../../libs/openFrameworks/events/ofEvent.h:127:35: error: expected ‘;’ before ‘)’ token
../../../../libs/openFrameworks/events/ofEvent.h: In member function ‘void of::priv::Function<void, Mutex>::disable()’:
../../../../libs/openFrameworks/events/ofEvent.h:133:4: error: ‘unique_lock’ is not a member of ‘std’
    std::unique_lock<Mutex> lck(mtx);
    ^
../../../../libs/openFrameworks/events/ofEvent.h:133:26: error: expected primary-expression before ‘>’ token
    std::unique_lock<Mutex> lck(mtx);
                          ^
../../../../libs/openFrameworks/events/ofEvent.h:134:4: error: ‘function’ was not declared in this scope
    function = nullptr;
    ^
../../../../libs/openFrameworks/events/ofEvent.h:134:15: error: ‘nullptr’ was not declared in this scope
    function = nullptr;
               ^
../../../../libs/openFrameworks/events/ofEvent.h: At global scope:
../../../../libs/openFrameworks/events/ofEvent.h:146:45: error: expected type-specifier
  template<typename Function, typename Mutex=std::recursive_mutex>
                                             ^
../../../../libs/openFrameworks/events/ofEvent.h:146:45: error: expected ‘>’
../../../../libs/openFrameworks/events/ofEvent.h:167:23: error: expected ‘,’ or ‘...’ before ‘&&’ token
   BaseEvent(BaseEvent && mom){
                       ^
../../../../libs/openFrameworks/events/ofEvent.h:167:29: error: invalid constructor; you probably meant ‘of::priv::BaseEvent<Function, Mutex> (const of::priv::BaseEvent<Function, Mutex>&)’
   BaseEvent(BaseEvent && mom){
                             ^
../../../../libs/openFrameworks/events/ofEvent.h:173:35: error: expected ‘,’ or ‘...’ before ‘&&’ token
   BaseEvent & operator=(BaseEvent && mom){
                                   ^
../../../../libs/openFrameworks/events/ofEvent.h:204:16: error: ‘shared_ptr’ is not a member of ‘std’
    std::vector<std::shared_ptr<Function>> functions;
                ^
../../../../libs/openFrameworks/events/ofEvent.h:204:16: note: suggested alternative:
In file included from /usr/include/boost/throw_exception.hpp:43:0,
                 from /usr/include/boost/smart_ptr/shared_ptr.hpp:31,
                 from /usr/include/boost/shared_ptr.hpp:17,
                 from /usr/include/boost/filesystem/path.hpp:29,
                 from /usr/include/boost/filesystem.hpp:16,
                 from /home/student/Assignment3/OpenISS/openFrameworks/libs/openFrameworks/utils/ofFileUtils.h:20,
                 from /home/student/Assignment3/OpenISS/openFrameworks/libs/openFrameworks/ofMain.h:7,
                 from main.cpp:1:
/usr/include/boost/exception/exception.hpp:148:11: note:   ‘boost::shared_ptr’
     class shared_ptr;
           ^
In file included from ../../../../libs/openFrameworks/events/ofEventUtils.h:4:0,
                 from ../../../../libs/openFrameworks/events/ofEvents.h:4,
                 from /home/student/Assignment3/OpenISS/openFrameworks/libs/openFrameworks/utils/ofURLFileLoader.h:3,
                 from /home/student/Assignment3/OpenISS/openFrameworks/libs/openFrameworks/ofMain.h:11,
                 from main.cpp:1:
../../../../libs/openFrameworks/events/ofEvent.h:204:16: error: ‘shared_ptr’ is not a member of ‘std’
    std::vector<std::shared_ptr<Function>> functions;
                ^
../../../../libs/openFrameworks/events/ofEvent.h:204:16: note: suggested alternative:
In file included from /usr/include/boost/throw_exception.hpp:43:0,
                 from /usr/include/boost/smart_ptr/shared_ptr.hpp:31,
                 from /usr/include/boost/shared_ptr.hpp:17,
                 from /usr/include/boost/filesystem/path.hpp:29,
                 from /usr/include/boost/filesystem.hpp:16,
                 from /home/student/Assignment3/OpenISS/openFrameworks/libs/openFrameworks/utils/ofFileUtils.h:20,
                 from /home/student/Assignment3/OpenISS/openFrameworks/libs/openFrameworks/ofMain.h:7,
                 from main.cpp:1:
/usr/include/boost/exception/exception.hpp:148:11: note:   ‘boost::shared_ptr’
     class shared_ptr;
           ^
In file included from ../../../../libs/openFrameworks/events/ofEventUtils.h:4:0,
                 from ../../../../libs/openFrameworks/events/ofEvents.h:4,
                 from /home/student/Assignment3/OpenISS/openFrameworks/libs/openFrameworks/utils/ofURLFileLoader.h:3,
                 from /home/student/Assignment3/OpenISS/openFrameworks/libs/openFrameworks/ofMain.h:11,
                 from main.cpp:1:
../../../../libs/openFrameworks/events/ofEvent.h:204:43: error: ‘functions’ was not declared in this scope
    std::vector<std::shared_ptr<Function>> functions;
                                           ^
../../../../libs/openFrameworks/events/ofEvent.h:204:43: error: template argument 1 is invalid
../../../../libs/openFrameworks/events/ofEvent.h:204:43: error: template argument 2 is invalid
../../../../libs/openFrameworks/events/ofEvent.h:220:3: error: ‘shared_ptr’ in namespace ‘std’ does not name a type
   std::shared_ptr<Data> self{new Data};
   ^
../../../../libs/openFrameworks/events/ofEvent.h:226:31: error: expected ‘)’ before ‘<’ token
     EventToken(std::shared_ptr<Data> & event, const Id & id)
                               ^
../../../../libs/openFrameworks/events/ofEvent.h:240:5: error: ‘weak_ptr’ in namespace ‘std’ does not name a type
     std::weak_ptr<Data> event;
     ^
../../../../libs/openFrameworks/events/ofEvent.h:241:5: error: ‘unique_ptr’ in namespace ‘std’ does not name a type
     std::unique_ptr<BaseFunctionId> id;
     ^
../../../../libs/openFrameworks/events/ofEvent.h:244:3: error: ‘unique_ptr’ in namespace ‘std’ does not name a type
   std::unique_ptr<EventToken> make_token(const Function & f){
   ^
../../../../libs/openFrameworks/events/ofEvent.h:249:29: error: expected ‘,’ or ‘...’ before ‘&&’ token
   void addNoToken(TFunction && f){
                             ^
../../../../libs/openFrameworks/events/ofEvent.h:259:3: error: ‘unique_ptr’ in namespace ‘std’ does not name a type
   std::unique_ptr<EventToken> addFunction(TFunction && f){
   ^
../../../../libs/openFrameworks/events/ofEvent.h: In copy constructor ‘of::priv::BaseEvent<Function, Mutex>::BaseEvent(const of::priv::BaseEvent<Function, Mutex>&)’:
../../../../libs/openFrameworks/events/ofEvent.h:152:4: error: ‘unique_lock’ is not a member of ‘std’
    std::unique_lock<Mutex> lck(const_cast<BaseEvent&>(mom).self->mtx);
    ^
../../../../libs/openFrameworks/events/ofEvent.h:152:26: error: expected primary-expression before ‘>’ token
    std::unique_lock<Mutex> lck(const_cast<BaseEvent&>(mom).self->mtx);
                          ^
../../../../libs/openFrameworks/events/ofEvent.h:153:4: error: ‘self’ was not declared in this scope
    self->functions = mom.self->functions;
    ^
../../../../libs/openFrameworks/events/ofEvent.h: In member function ‘of::priv::BaseEvent<Function, Mutex>& of::priv::BaseEvent<Function, Mutex>::operator=(const of::priv::BaseEvent<Function, Mutex>&)’:
../../../../libs/openFrameworks/events/ofEvent.h:160:4: error: ‘unique_lock’ is not a member of ‘std’
    std::unique_lock<Mutex> lck(const_cast<BaseEvent&>(mom).self->mtx);
    ^
../../../../libs/openFrameworks/events/ofEvent.h:160:26: error: expected primary-expression before ‘>’ token
    std::unique_lock<Mutex> lck(const_cast<BaseEvent&>(mom).self->mtx);
                          ^
../../../../libs/openFrameworks/events/ofEvent.h:161:4: error: ‘unique_lock’ is not a member of ‘std’
    std::unique_lock<Mutex> lck2(self->mtx);
    ^
../../../../libs/openFrameworks/events/ofEvent.h:161:26: error: expected primary-expression before ‘>’ token
    std::unique_lock<Mutex> lck2(self->mtx);
                          ^
../../../../libs/openFrameworks/events/ofEvent.h:161:33: error: ‘self’ was not declared in this scope
    std::unique_lock<Mutex> lck2(self->mtx);
                                 ^
../../../../libs/openFrameworks/events/ofEvent.h:161:42: error: there are no arguments to ‘lck2’ that depend on a template parameter, so a declaration of ‘lck2’ must be available [-fpermissive]
    std::unique_lock<Mutex> lck2(self->mtx);
                                          ^
../../../../libs/openFrameworks/events/ofEvent.h: In member function ‘of::priv::BaseEvent<Function, Mutex>& of::priv::BaseEvent<Function, Mutex>::operator=(of::priv::BaseEvent<Function, Mutex>)’:
../../../../libs/openFrameworks/events/ofEvent.h:174:8: error: ‘mom’ was not declared in this scope
    if(&mom==this){
        ^
../../../../libs/openFrameworks/events/ofEvent.h:177:4: error: ‘unique_lock’ is not a member of ‘std’
    std::unique_lock<Mutex> lck(const_cast<BaseEvent&>(mom).self->mtx);
    ^
../../../../libs/openFrameworks/events/ofEvent.h:177:26: error: expected primary-expression before ‘>’ token
    std::unique_lock<Mutex> lck(const_cast<BaseEvent&>(mom).self->mtx);
                          ^
../../../../libs/openFrameworks/events/ofEvent.h:177:55: error: ‘mom’ was not declared in this scope
    std::unique_lock<Mutex> lck(const_cast<BaseEvent&>(mom).self->mtx);
                                                       ^
../../../../libs/openFrameworks/events/ofEvent.h:177:69: error: there are no arguments to ‘lck’ that depend on a template parameter, so a declaration of ‘lck’ must be available [-fpermissive]
    std::unique_lock<Mutex> lck(const_cast<BaseEvent&>(mom).self->mtx);
                                                                     ^
../../../../libs/openFrameworks/events/ofEvent.h:178:4: error: ‘unique_lock’ is not a member of ‘std’
    std::unique_lock<Mutex> lck2(self->mtx);
    ^
../../../../libs/openFrameworks/events/ofEvent.h:178:26: error: expected primary-expression before ‘>’ token
    std::unique_lock<Mutex> lck2(self->mtx);
                          ^
../../../../libs/openFrameworks/events/ofEvent.h:178:33: error: ‘self’ was not declared in this scope
    std::unique_lock<Mutex> lck2(self->mtx);
                                 ^
../../../../libs/openFrameworks/events/ofEvent.h:178:42: error: there are no arguments to ‘lck2’ that depend on a template parameter, so a declaration of ‘lck2’ must be available [-fpermissive]
    std::unique_lock<Mutex> lck2(self->mtx);
                                          ^
../../../../libs/openFrameworks/events/ofEvent.h: In member function ‘void of::priv::BaseEvent<Function, Mutex>::enable()’:
../../../../libs/openFrameworks/events/ofEvent.h:185:4: error: ‘self’ was not declared in this scope
    self->enabled = true;
    ^
../../../../libs/openFrameworks/events/ofEvent.h: In member function ‘void of::priv::BaseEvent<Function, Mutex>::disable()’:
../../../../libs/openFrameworks/events/ofEvent.h:189:4: error: ‘self’ was not declared in this scope
    self->enabled = false;
    ^
../../../../libs/openFrameworks/events/ofEvent.h: In member function ‘bool of::priv::BaseEvent<Function, Mutex>::isEnabled() const’:
../../../../libs/openFrameworks/events/ofEvent.h:193:11: error: ‘self’ was not declared in this scope
    return self->enabled;
           ^
../../../../libs/openFrameworks/events/ofEvent.h: In member function ‘std::size_t of::priv::BaseEvent<Function, Mutex>::size() const’:
../../../../libs/openFrameworks/events/ofEvent.h:197:11: error: ‘self’ was not declared in this scope
    return self->functions.size();
           ^
../../../../libs/openFrameworks/events/ofEvent.h: In member function ‘void of::priv::BaseEvent<Function, Mutex>::Data::remove(const of::priv::BaseFunctionId&)’:
../../../../libs/openFrameworks/events/ofEvent.h:208:5: error: ‘unique_lock’ is not a member of ‘std’
     std::unique_lock<Mutex> lck(mtx);
     ^
../../../../libs/openFrameworks/events/ofEvent.h:208:27: error: expected primary-expression before ‘>’ token
     std::unique_lock<Mutex> lck(mtx);
                           ^
../../../../libs/openFrameworks/events/ofEvent.h:209:10: error: ‘it’ does not name a type
     auto it = functions.begin();
          ^
../../../../libs/openFrameworks/events/ofEvent.h:210:11: error: ‘it’ was not declared in this scope
     for(; it!=functions.end(); ++it){
           ^
../../../../libs/openFrameworks/events/ofEvent.h:210:15: error: ‘functions’ was not declared in this scope
     for(; it!=functions.end(); ++it){
               ^
../../../../libs/openFrameworks/events/ofEvent.h:211:11: error: ‘f’ does not name a type
      auto f = *it;
           ^
../../../../libs/openFrameworks/events/ofEvent.h:212:10: error: ‘f’ was not declared in this scope
      if(*f->id == id){
          ^
../../../../libs/openFrameworks/events/ofEvent.h: In destructor ‘of::priv::BaseEvent<Function, Mutex>::EventToken::~EventToken()’:
../../../../libs/openFrameworks/events/ofEvent.h:233:11: error: ‘event’ does not name a type
      auto event = this->event.lock();
           ^
../../../../libs/openFrameworks/events/ofEvent.h:234:9: error: ‘event’ was not declared in this scope
      if(event){
         ^
../../../../libs/openFrameworks/events/ofEvent.h:235:22: error: ‘id’ was not declared in this scope
       event->remove(*id);
                      ^
../../../../libs/openFrameworks/events/ofEvent.h: In member function ‘void of::priv::BaseEvent<Function, Mutex>::addNoToken(TFunction)’:
../../../../libs/openFrameworks/events/ofEvent.h:250:4: error: ‘unique_lock’ is not a member of ‘std’
    std::unique_lock<Mutex> lck(self->mtx);
    ^
../../../../libs/openFrameworks/events/ofEvent.h:250:26: error: expected primary-expression before ‘>’ token
    std::unique_lock<Mutex> lck(self->mtx);
                          ^
../../../../libs/openFrameworks/events/ofEvent.h:250:32: error: ‘self’ was not declared in this scope
    std::unique_lock<Mutex> lck(self->mtx);
                                ^
../../../../libs/openFrameworks/events/ofEvent.h:250:41: error: there are no arguments to ‘lck’ that depend on a template parameter, so a declaration of ‘lck’ must be available [-fpermissive]
    std::unique_lock<Mutex> lck(self->mtx);
                                         ^
../../../../libs/openFrameworks/events/ofEvent.h:251:9: error: ‘it’ does not name a type
    auto it = self->functions.begin();
         ^
../../../../libs/openFrameworks/events/ofEvent.h:252:10: error: ‘it’ was not declared in this scope
    for(; it!=self->functions.end(); ++it){
          ^
../../../../libs/openFrameworks/events/ofEvent.h:253:24: error: ‘f’ was not declared in this scope
     if((*it)->priority>f->priority) break;
                        ^
../../../../libs/openFrameworks/events/ofEvent.h:255:28: error: ‘it’ was not declared in this scope
    self->functions.emplace(it, f);
                            ^
../../../../libs/openFrameworks/events/ofEvent.h:255:32: error: ‘f’ was not declared in this scope
    self->functions.emplace(it, f);
                                ^
../../../../libs/openFrameworks/events/ofEvent.h: At global scope:
../../../../libs/openFrameworks/events/ofEvent.h:279:19: warning: variadic templates only available with -std=c++11 or -std=gnu++11 [enabled by default]
  template<typename... Types>
                   ^
../../../../libs/openFrameworks/events/ofEvent.h:287:34: warning: variadic templates only available with -std=c++11 or -std=gnu++11 [enabled by default]
  template<typename Type, typename... Types>
                                  ^
../../../../libs/openFrameworks/events/ofEvent.h:294:29: warning: variadic templates only available with -std=c++11 or -std=gnu++11 [enabled by default]
  template<size_t n, typename... Types>
                             ^
../../../../libs/openFrameworks/events/ofEvent.h:297:44: warning: variadic templates only available with -std=c++11 or -std=gnu++11 [enabled by default]
  template<size_t N, typename Type, typename... Types>
                                            ^
../../../../libs/openFrameworks/events/ofEvent.h:301:34: warning: variadic templates only available with -std=c++11 or -std=gnu++11 [enabled by default]
  template<typename Type, typename... Types>
                                  ^
../../../../libs/openFrameworks/events/ofEvent.h:311:33: warning: variadic templates only available with -std=c++11 or -std=gnu++11 [enabled by default]
  template<typename Ret, typename... Args>
                                 ^
../../../../libs/openFrameworks/events/ofEvent.h:312:37: warning: variadic templates only available with -std=c++11 or -std=gnu++11 [enabled by default]
  struct callable_traits_fn<Ret (Args...)> {
                                     ^
../../../../libs/openFrameworks/events/ofEvent.h:313:35: warning: variadic templates only available with -std=c++11 or -std=gnu++11 [enabled by default]
   typedef Ret (*function_ptr)(Args...);
                                   ^
../../../../libs/openFrameworks/events/ofEvent.h:314:33: warning: variadic templates only available with -std=c++11 or -std=gnu++11 [enabled by default]
   typedef Ret function_type(Args...);
                                 ^
../../../../libs/openFrameworks/events/ofEvent.h:319:3: error: expected unqualified-id before ‘using’
   using argument_type = typename tva_n<N, Args...>::type;
   ^
../../../../libs/openFrameworks/events/ofEvent.h:322:33: warning: variadic templates only available with -std=c++11 or -std=gnu++11 [enabled by default]
  template<typename Ret, typename... Args>
                                 ^
../../../../libs/openFrameworks/events/ofEvent.h:323:43: warning: variadic templates only available with -std=c++11 or -std=gnu++11 [enabled by default]
  const size_t callable_traits_fn<Ret (Args...)>::argc = tva_count<Args...>::value;
                                           ^
../../../../libs/openFrameworks/events/ofEvent.h:330:49: warning: variadic templates only available with -std=c++11 or -std=gnu++11 [enabled by default]
  template<typename Class, typename Ret, typename... Args>
                                                 ^
../../../../libs/openFrameworks/events/ofEvent.h:331:50: warning: variadic templates only available with -std=c++11 or -std=gnu++11 [enabled by default]
  struct callable_traits_memfn<Ret (Class::*)(Args...)> : callable_traits_fn<Ret (Args...)> {
                                                  ^
../../../../libs/openFrameworks/events/ofEvent.h:331:86: warning: variadic templates only available with -std=c++11 or -std=gnu++11 [enabled by default]
  struct callable_traits_memfn<Ret (Class::*)(Args...)> : callable_traits_fn<Ret (Args...)> {
                                                                                      ^
../../../../libs/openFrameworks/events/ofEvent.h:334:49: warning: variadic templates only available with -std=c++11 or -std=gnu++11 [enabled by default]
  template<typename Class, typename Ret, typename... Args>
                                                 ^
../../../../libs/openFrameworks/events/ofEvent.h:335:50: warning: variadic templates only available with -std=c++11 or -std=gnu++11 [enabled by default]
  struct callable_traits_memfn<Ret (Class::*)(Args...) const> : callable_traits_fn<Ret (Args...)> {
                                                  ^
../../../../libs/openFrameworks/events/ofEvent.h:335:92: warning: variadic templates only available with -std=c++11 or -std=gnu++11 [enabled by default]
  struct callable_traits_memfn<Ret (Class::*)(Args...) const> : callable_traits_fn<Ret (Args...)> {
                                                                                            ^
../../../../libs/openFrameworks/events/ofEvent.h:341:88: error: ‘&’ cannot appear in a constant-expression
  struct callable_traits_d : detail::callable_traits_memfn<decltype(&Callable::operator())> {
                                                                                        ^
../../../../libs/openFrameworks/events/ofEvent.h:341:89: error: a function call cannot appear in a constant-expression
  struct callable_traits_d : detail::callable_traits_memfn<decltype(&Callable::operator())> {
                                                                                         ^
../../../../libs/openFrameworks/events/ofEvent.h:341:90: error: template argument 1 is invalid
  struct callable_traits_d : detail::callable_traits_memfn<decltype(&Callable::operator())> {
                                                                                          ^
../../../../libs/openFrameworks/events/ofEvent.h:345:33: warning: variadic templates only available with -std=c++11 or -std=gnu++11 [enabled by default]
  template<typename Ret, typename... Args>
                                 ^
../../../../libs/openFrameworks/events/ofEvent.h:346:36: warning: variadic templates only available with -std=c++11 or -std=gnu++11 [enabled by default]
  struct callable_traits_d<Ret (Args...)> : detail::callable_traits_fn<Ret (Args...)> {
                                    ^
../../../../libs/openFrameworks/events/ofEvent.h:346:80: warning: variadic templates only available with -std=c++11 or -std=gnu++11 [enabled by default]
  struct callable_traits_d<Ret (Args...)> : detail::callable_traits_fn<Ret (Args...)> {
                                                                                ^
../../../../libs/openFrameworks/events/ofEvent.h:350:33: warning: variadic templates only available with -std=c++11 or -std=gnu++11 [enabled by default]
  template<typename Ret, typename... Args>
                                 ^
../../../../libs/openFrameworks/events/ofEvent.h:351:39: warning: variadic templates only available with -std=c++11 or -std=gnu++11 [enabled by default]
  struct callable_traits_d<Ret (*)(Args...)> : detail::callable_traits_fn<Ret (Args...)> {
                                       ^
../../../../libs/openFrameworks/events/ofEvent.h:351:83: warning: variadic templates only available with -std=c++11 or -std=gnu++11 [enabled by default]
  struct callable_traits_d<Ret (*)(Args...)> : detail::callable_traits_fn<Ret (Args...)> {
                                                                                   ^
../../../../libs/openFrameworks/events/ofEvent.h:355:33: warning: variadic templates only available with -std=c++11 or -std=gnu++11 [enabled by default]
  template<typename Ret, typename... Args>
                                 ^
../../../../libs/openFrameworks/events/ofEvent.h:356:27: error: ‘function’ is not a member of ‘std’
  struct callable_traits_d<std::function<Ret (Args...)>> : detail::callable_traits_fn<Ret (Args...)> {
                           ^
../../../../libs/openFrameworks/events/ofEvent.h:356:27: error: ‘function’ is not a member of ‘std’
../../../../libs/openFrameworks/events/ofEvent.h:356:53: error: a function call cannot appear in a constant-expression
  struct callable_traits_d<std::function<Ret (Args...)>> : detail::callable_traits_fn<Ret (Args...)> {
                                                     ^
../../../../libs/openFrameworks/events/ofEvent.h:356:99: error: template argument 1 is invalid
  struct callable_traits_d<std::function<Ret (Args...)>> : detail::callable_traits_fn<Ret (Args...)> {
                                                                                                   ^
../../../../libs/openFrameworks/events/ofEvent.h:365:67: error: ‘remove_reference’ in namespace ‘std’ does not name a type
  struct callable_traits : detail::callable_traits_d<typename std::remove_reference<Callable>::type> {
                                                                   ^
../../../../libs/openFrameworks/events/ofEvent.h:365:83: error: expected template-argument before ‘<’ token
  struct callable_traits : detail::callable_traits_d<typename std::remove_reference<Callable>::type> {
                                                                                   ^
../../../../libs/openFrameworks/events/ofEvent.h:365:83: error: expected ‘>’ before ‘<’ token
../../../../libs/openFrameworks/events/ofEvent.h:365:99: error: template argument 1 is invalid
  struct callable_traits : detail::callable_traits_d<typename std::remove_reference<Callable>::type> {
                                                                                                   ^
../../../../libs/openFrameworks/events/ofEvent.h:365:101: error: expected ‘::’ before ‘{’ token
  struct callable_traits : detail::callable_traits_d<typename std::remove_reference<Callable>::type> {
                                                                                                     ^
../../../../libs/openFrameworks/events/ofEvent.h:365:101: error: expected class-name before ‘{’ token
../../../../libs/openFrameworks/events/ofEvent.h:382:45: warning: defaulted and deleted functions only available with -std=c++11 or -std=gnu++11 [enabled by default]
  ofEventListener(const ofEventListener &) = delete;
                                             ^
../../../../libs/openFrameworks/events/ofEvent.h:383:34: error: expected ‘,’ or ‘...’ before ‘&&’ token
  ofEventListener(ofEventListener &&) = delete;
                                  ^
../../../../libs/openFrameworks/events/ofEvent.h:383:40: warning: defaulted and deleted functions only available with -std=c++11 or -std=gnu++11 [enabled by default]
  ofEventListener(ofEventListener &&) = delete;
                                        ^
../../../../libs/openFrameworks/events/ofEvent.h:383:40: error: invalid constructor; you probably meant ‘ofEventListener (const ofEventListener&)’
../../../../libs/openFrameworks/events/ofEvent.h:384:56: warning: defaulted and deleted functions only available with -std=c++11 or -std=gnu++11 [enabled by default]
  ofEventListener & operator=(const ofEventListener&) = delete;
                                                        ^
../../../../libs/openFrameworks/events/ofEvent.h:385:45: error: expected ‘,’ or ‘...’ before ‘&&’ token
  ofEventListener & operator=(ofEventListener&&) = delete;
                                             ^
../../../../libs/openFrameworks/events/ofEvent.h:385:51: warning: defaulted and deleted functions only available with -std=c++11 or -std=gnu++11 [enabled by default]
  ofEventListener & operator=(ofEventListener&&) = delete;
                                                   ^
../../../../libs/openFrameworks/events/ofEvent.h:387:33: error: expected ‘)’ before ‘<’ token
  ofEventListener(std::unique_ptr<of::priv::AbstractEventToken> && token)
                                 ^
../../../../libs/openFrameworks/events/ofEvent.h:390:35: error: declaration of ‘operator=’ as non-function
  ofEventListener & operator=(std::unique_ptr<of::priv::AbstractEventToken> && token){
                                   ^
../../../../libs/openFrameworks/events/ofEvent.h:390:28: error: expected ‘;’ at end of member declaration
  ofEventListener & operator=(std::unique_ptr<of::priv::AbstractEventToken> && token){
                            ^
../../../../libs/openFrameworks/events/ofEvent.h:390:45: error: expected ‘)’ before ‘<’ token
  ofEventListener & operator=(std::unique_ptr<of::priv::AbstractEventToken> && token){
                                             ^
../../../../libs/openFrameworks/events/ofEvent.h:399:2: error: ‘unique_ptr’ in namespace ‘std’ does not name a type
  std::unique_ptr<of::priv::AbstractEventToken> token;
  ^
../../../../libs/openFrameworks/events/ofEvent.h: In member function ‘void ofEventListener::unsubscribe()’:
../../../../libs/openFrameworks/events/ofEvent.h:396:3: error: ‘token’ was not declared in this scope
   token.reset();
   ^
../../../../libs/openFrameworks/events/ofEvent.h: At global scope:
../../../../libs/openFrameworks/events/ofEvent.h:408:47: warning: defaulted and deleted functions only available with -std=c++11 or -std=gnu++11 [enabled by default]
  ofEventListeners(const ofEventListeners &) = delete;
                                               ^
../../../../libs/openFrameworks/events/ofEvent.h:409:36: error: expected ‘,’ or ‘...’ before ‘&&’ token
  ofEventListeners(ofEventListeners &&) = delete;
                                    ^
../../../../libs/openFrameworks/events/ofEvent.h:409:42: warning: defaulted and deleted functions only available with -std=c++11 or -std=gnu++11 [enabled by default]
  ofEventListeners(ofEventListeners &&) = delete;
                                          ^
../../../../libs/openFrameworks/events/ofEvent.h:409:42: error: invalid constructor; you probably meant ‘ofEventListeners (const ofEventListeners&)’
../../../../libs/openFrameworks/events/ofEvent.h:410:58: warning: defaulted and deleted functions only available with -std=c++11 or -std=gnu++11 [enabled by default]
  ofEventListeners & operator=(const ofEventListeners&) = delete;
                                                          ^
../../../../libs/openFrameworks/events/ofEvent.h:411:47: error: expected ‘,’ or ‘...’ before ‘&&’ token
  ofEventListeners & operator=(ofEventListeners&&) = delete;
                                               ^
../../../../libs/openFrameworks/events/ofEvent.h:411:53: warning: defaulted and deleted functions only available with -std=c++11 or -std=gnu++11 [enabled by default]
  ofEventListeners & operator=(ofEventListeners&&) = delete;
                                                     ^
../../../../libs/openFrameworks/events/ofEvent.h:414:17: error: ‘std::unique_ptr’ has not been declared
  void push(std::unique_ptr<of::priv::AbstractEventToken> && listener){
                 ^
../../../../libs/openFrameworks/events/ofEvent.h:414:27: error: expected ‘,’ or ‘...’ before ‘<’ token
  void push(std::unique_ptr<of::priv::AbstractEventToken> && listener){
                           ^
../../../../libs/openFrameworks/events/ofEvent.h: In member function ‘void ofEventListeners::push(int)’:
../../../../libs/openFrameworks/events/ofEvent.h:415:13: error: ‘class std::deque<ofEventListener>’ has no member named ‘emplace_back’
   listeners.emplace_back(std::move(listener));
             ^
../../../../libs/openFrameworks/events/ofEvent.h:415:26: error: ‘move’ is not a member of ‘std’
   listeners.emplace_back(std::move(listener));
                          ^
../../../../libs/openFrameworks/events/ofEvent.h:415:36: error: ‘listener’ was not declared in this scope
   listeners.emplace_back(std::move(listener));
                                    ^
../../../../libs/openFrameworks/events/ofEvent.h: At global scope:
../../../../libs/openFrameworks/events/ofEvent.h:433:37: error: expected type-specifier
 template<typename T, typename Mutex=std::recursive_mutex>
                                     ^
../../../../libs/openFrameworks/events/ofEvent.h:433:37: error: expected ‘>’
../../../../libs/openFrameworks/events/ofEvent.h:437:10: error: ‘shared_ptr’ in namespace ‘std’ does not name a type
  typedef std::shared_ptr<Function> FunctionPtr;
          ^
../../../../libs/openFrameworks/events/ofEvent.h:467:2: error: ‘unique_ptr’ in namespace ‘std’ does not name a type
  std::unique_ptr<FunctionId<TObj,TMethod>> make_function_id(TObj * listener, TMethod method){
  ^
../../../../libs/openFrameworks/events/ofEvent.h:472:2: error: ‘FunctionPtr’ does not name a type
  FunctionPtr make_function(TObj * listener, bool (TObj::*method)(T&), int priority){
  ^
In file included from ../../../../libs/openFrameworks/events/ofEventUtils.h:4:0,
                 from ../../../../libs/openFrameworks/events/ofEvents.h:4,
                 from /home/student/Assignment3/OpenISS/openFrameworks/libs/openFrameworks/utils/ofURLFileLoader.h:3,
                 from /home/student/Assignment3/OpenISS/openFrameworks/libs/openFrameworks/ofMain.h:11,
                 from main.cpp:1:
../../../../libs/openFrameworks/events/ofEvent.h:477:2: error: ‘FunctionPtr’ does not name a type
  FunctionPtr make_function(TObj * listener, void (TObj::*method)(T&), int priority){
  ^
../../../../libs/openFrameworks/events/ofEvent.h:485:2: error: ‘FunctionPtr’ does not name a type
  FunctionPtr make_function(TObj * listener, bool (TObj::*method)(const void*, T&), int priority){
  ^
../../../../libs/openFrameworks/events/ofEvent.h:490:2: error: ‘FunctionPtr’ does not name a type
  FunctionPtr make_function(TObj * listener, void (TObj::*method)(const void*, T&), int priority){
  ^
../../../../libs/openFrameworks/events/ofEvent.h:498:2: error: ‘unique_ptr’ in namespace ‘std’ does not name a type
  std::unique_ptr<of::priv::BaseFunctionId> make_std_function_id(const F & f){
  ^
../../../../libs/openFrameworks/events/ofEvent.h:507:2: error: ‘FunctionPtr’ does not name a type
  FunctionPtr make_function(std::function<bool(T&)> f, int priority) {
  ^
../../../../libs/openFrameworks/events/ofEvent.h:511:2: error: ‘FunctionPtr’ does not name a type
  FunctionPtr make_function(std::function<bool(const void*, T&)> f, int priority) {
  ^
../../../../libs/openFrameworks/events/ofEvent.h:515:2: error: ‘FunctionPtr’ does not name a type
  FunctionPtr make_function(std::function<void(T&)> f, int priority) {
  ^
../../../../libs/openFrameworks/events/ofEvent.h:519:2: error: ‘FunctionPtr’ does not name a type
  FunctionPtr make_function(std::function<void(const void*, T&)> f, int priority) {
  ^
../../../../libs/openFrameworks/events/ofEvent.h:529:2: error: ‘unique_ptr’ in namespace ‘std’ does not name a type
  std::unique_ptr<of::priv::AbstractEventToken> newListener(TObj * listener, TMethod method, int priority = OF_EVENT_ORDER_AFTER_APP){
  ^
../../../../libs/openFrameworks/events/ofEvent.h:544:2: error: ‘unique_ptr’ in namespace ‘std’ does not name a type
  std::unique_ptr<of::priv::AbstractEventToken> newListener(TFunction function, int priority = OF_EVENT_ORDER_AFTER_APP) {
  ^
In file included from ../../../../libs/openFrameworks/events/ofEventUtils.h:4:0,
                 from ../../../../libs/openFrameworks/events/ofEvents.h:4,
                 from /home/student/Assignment3/OpenISS/openFrameworks/libs/openFrameworks/utils/ofURLFileLoader.h:3,
                 from /home/student/Assignment3/OpenISS/openFrameworks/libs/openFrameworks/ofMain.h:11,
                 from main.cpp:1:
../../../../libs/openFrameworks/events/ofEvent.h: In member function ‘bool ofEvent<T, Mutex>::FunctionId<TObj, TMethod>::operator==(const of::priv::BaseFunctionId&) const’:
../../../../libs/openFrameworks/events/ofEvent.h:461:17: error: ISO C++ forbids declaration of ‘other’ with no type [-fpermissive]
    const auto * other = dynamic_cast<const FunctionId<TObj,TMethod>*>(&f);
                 ^
../../../../libs/openFrameworks/events/ofEvent.h:462:27: error: request for member ‘listener’ in ‘other->’, which is of non-class type ‘const int’
    return other && other->listener == this->listener && other->method == this->method;
                           ^
../../../../libs/openFrameworks/events/ofEvent.h:462:64: error: request for member ‘method’ in ‘other->’, which is of non-class type ‘const int’
    return other && other->listener == this->listener && other->method == this->method;
                                                                ^
In file included from ../../../../libs/openFrameworks/events/ofEventUtils.h:4:0,
                 from ../../../../libs/openFrameworks/events/ofEvents.h:4,
                 from /home/student/Assignment3/OpenISS/openFrameworks/libs/openFrameworks/utils/ofURLFileLoader.h:3,
                 from /home/student/Assignment3/OpenISS/openFrameworks/libs/openFrameworks/ofMain.h:11,
                 from main.cpp:1:
../../../../libs/openFrameworks/events/ofEvent.h: In member function ‘void ofEvent<T, Mutex>::add(TFunction, int)’:
../../../../libs/openFrameworks/events/ofEvent.h:550:28: error: ‘function’ is not a member of ‘std’
   addNoToken(make_function(std::function<typename of::priv::callable_traits<TFunction>::function_type>(function),priority));
                            ^
../../../../libs/openFrameworks/events/ofEvent.h:550:102: error: expected ‘(’ before ‘>’ token
   addNoToken(make_function(std::function<typename of::priv::callable_traits<TFunction>::function_type>(function),priority));
                                                                                                      ^
../../../../libs/openFrameworks/events/ofEvent.h: In member function ‘void ofEvent<T, Mutex>::remove(TFunction, int)’:
../../../../libs/openFrameworks/events/ofEvent.h:555:50: error: ‘function’ is not a member of ‘std’
    ofEvent<T,Mutex>::self->remove(*make_function(std::function<typename of::priv::callable_traits<TFunction>::function_type>(function), priority)->id);
                                                  ^
../../../../libs/openFrameworks/events/ofEvent.h:555:124: error: expected ‘(’ before ‘>’ token
    ofEvent<T,Mutex>::self->remove(*make_function(std::function<typename of::priv::callable_traits<TFunction>::function_type>(function), priority)->id);
                                                                                                                            ^
../../../../libs/openFrameworks/events/ofEvent.h: In member function ‘bool ofEvent<T, Mutex>::notify(const void*, T&)’:
../../../../libs/openFrameworks/events/ofEvent.h:560:4: error: ‘unique_lock’ is not a member of ‘std’
    std::unique_lock<Mutex> lck(ofEvent<T,Mutex>::self->mtx);
    ^
../../../../libs/openFrameworks/events/ofEvent.h:560:26: error: expected primary-expression before ‘>’ token
    std::unique_lock<Mutex> lck(ofEvent<T,Mutex>::self->mtx);
                          ^
../../../../libs/openFrameworks/events/ofEvent.h:561:9: error: ‘functions_copy’ does not name a type
    auto functions_copy = ofEvent<T,Mutex>::self->functions;
         ^
../../../../libs/openFrameworks/events/ofEvent.h:562:4: error: ‘lck’ was not declared in this scope
    lck.unlock();
    ^
../../../../libs/openFrameworks/events/ofEvent.h:563:15: error: ISO C++ forbids declaration of ‘f’ with no type [-fpermissive]
    for(auto & f: functions_copy){
               ^
../../../../libs/openFrameworks/events/ofEvent.h:563:18: error: range-based ‘for’ loops are not allowed in C++98 mode
    for(auto & f: functions_copy){
                  ^
../../../../libs/openFrameworks/events/ofEvent.h:563:18: error: ‘functions_copy’ was not declared in this scope
../../../../libs/openFrameworks/events/ofEvent.h:564:21: error: base operand of ‘->’ is not a pointer
                 if(f->notify(sender,param)){
                     ^
../../../../libs/openFrameworks/events/ofEvent.h: In member function ‘bool ofEvent<T, Mutex>::notify(T&)’:
../../../../libs/openFrameworks/events/ofEvent.h:574:4: error: ‘unique_lock’ is not a member of ‘std’
    std::unique_lock<Mutex> lck(ofEvent<T,Mutex>::self->mtx);
    ^
../../../../libs/openFrameworks/events/ofEvent.h:574:26: error: expected primary-expression before ‘>’ token
    std::unique_lock<Mutex> lck(ofEvent<T,Mutex>::self->mtx);
                          ^
../../../../libs/openFrameworks/events/ofEvent.h:575:9: error: ‘functions_copy’ does not name a type
    auto functions_copy = ofEvent<T,Mutex>::self->functions;
         ^
../../../../libs/openFrameworks/events/ofEvent.h:576:4: error: ‘lck’ was not declared in this scope
    lck.unlock();
    ^
../../../../libs/openFrameworks/events/ofEvent.h:577:15: error: ISO C++ forbids declaration of ‘f’ with no type [-fpermissive]
    for(auto & f: functions_copy){
               ^
../../../../libs/openFrameworks/events/ofEvent.h:577:18: error: range-based ‘for’ loops are not allowed in C++98 mode
    for(auto & f: functions_copy){
                  ^
../../../../libs/openFrameworks/events/ofEvent.h:577:18: error: ‘functions_copy’ was not declared in this scope
../../../../libs/openFrameworks/events/ofEvent.h:578:9: error: base operand of ‘->’ is not a pointer
     if(f->notify(nullptr,param)){
         ^
../../../../libs/openFrameworks/events/ofEvent.h:578:18: error: ‘nullptr’ was not declared in this scope
     if(f->notify(nullptr,param)){
                  ^
../../../../libs/openFrameworks/events/ofEvent.h: At global scope:
../../../../libs/openFrameworks/events/ofEvent.h:595:10: error: ‘shared_ptr’ in namespace ‘std’ does not name a type
  typedef std::shared_ptr<Function> FunctionPtr;
          ^
../../../../libs/openFrameworks/events/ofEvent.h:626:2: error: ‘unique_ptr’ in namespace ‘std’ does not name a type
  std::unique_ptr<FunctionId<TObj,TMethod>> make_function_id(TObj * listener, TMethod method){
  ^
../../../../libs/openFrameworks/events/ofEvent.h:631:2: error: ‘FunctionPtr’ does not name a type
  FunctionPtr make_function(TObj * listener, bool (TObj::*method)(), int priority){
  ^
../../../../libs/openFrameworks/events/ofEvent.h:636:2: error: ‘FunctionPtr’ does not name a type
  FunctionPtr make_function(TObj * listener, void (TObj::*method)(), int priority){
  ^
../../../../libs/openFrameworks/events/ofEvent.h:644:2: error: ‘FunctionPtr’ does not name a type
  FunctionPtr make_function(TObj * listener, bool (TObj::*method)(const void*), int priority){
  ^
../../../../libs/openFrameworks/events/ofEvent.h:649:2: error: ‘FunctionPtr’ does not name a type
  FunctionPtr make_function(TObj * listener, void (TObj::*method)(const void*), int priority){
  ^
../../../../libs/openFrameworks/events/ofEvent.h:657:2: error: ‘unique_ptr’ in namespace ‘std’ does not name a type
  std::unique_ptr<of::priv::BaseFunctionId> make_std_function_id(const F & f){
  ^
../../../../libs/openFrameworks/events/ofEvent.h:666:2: error: ‘FunctionPtr’ does not name a type
  FunctionPtr make_function(std::function<bool()> f, int priority) {
  ^
../../../../libs/openFrameworks/events/ofEvent.h:670:2: error: ‘FunctionPtr’ does not name a type
  FunctionPtr make_function(std::function<bool(const void*)> f, int priority) {
  ^
../../../../libs/openFrameworks/events/ofEvent.h:674:2: error: ‘FunctionPtr’ does not name a type
  FunctionPtr make_function(std::function<void()> f, int priority) {
  ^
../../../../libs/openFrameworks/events/ofEvent.h:678:2: error: ‘FunctionPtr’ does not name a type
  FunctionPtr make_function(std::function<void(const void*)> f, int priority) {
  ^
../../../../libs/openFrameworks/events/ofEvent.h:692:2: error: ‘unique_ptr’ in namespace ‘std’ does not name a type
  std::unique_ptr<of::priv::AbstractEventToken> newListener(TObj * listener, TMethod method, int priority = OF_EVENT_ORDER_AFTER_APP){
  ^
../../../../libs/openFrameworks/events/ofEvent.h:707:2: error: ‘unique_ptr’ in namespace ‘std’ does not name a type
  std::unique_ptr<of::priv::AbstractEventToken> newListener(TFunction function, int priority = OF_EVENT_ORDER_AFTER_APP) {
  ^
../../../../libs/openFrameworks/events/ofEvent.h: In member function ‘bool ofEvent<void, Mutex>::FunctionId<TObj, TMethod>::operator==(const of::priv::BaseFunctionId&) const’:
../../../../libs/openFrameworks/events/ofEvent.h:619:17: error: ISO C++ forbids declaration of ‘other’ with no type [-fpermissive]
    const auto * other = dynamic_cast<const FunctionId<TObj,TMethod>*>(&f);
                 ^
../../../../libs/openFrameworks/events/ofEvent.h:620:27: error: request for member ‘listener’ in ‘other->’, which is of non-class type ‘const int’
    return other && other->listener == this->listener && other->method == this->method;
                           ^
../../../../libs/openFrameworks/events/ofEvent.h:620:64: error: request for member ‘method’ in ‘other->’, which is of non-class type ‘const int’
    return other && other->listener == this->listener && other->method == this->method;
                                                                ^
../../../../libs/openFrameworks/events/ofEvent.h: In member function ‘void ofEvent<void, Mutex>::add(TFunction, int)’:
../../../../libs/openFrameworks/events/ofEvent.h:703:28: error: ‘function’ is not a member of ‘std’
   addNoToken(make_function(std::function<typename of::priv::callable_traits<TFunction>::function_type>(function),priority));
                            ^
../../../../libs/openFrameworks/events/ofEvent.h:703:102: error: expected ‘(’ before ‘>’ token
   addNoToken(make_function(std::function<typename of::priv::callable_traits<TFunction>::function_type>(function),priority));
                                                                                                      ^
../../../../libs/openFrameworks/events/ofEvent.h: In member function ‘void ofEvent<void, Mutex>::remove(TFunction, int)’:
../../../../libs/openFrameworks/events/ofEvent.h:713:53: error: ‘function’ is not a member of ‘std’
    ofEvent<void,Mutex>::self->remove(*make_function(std::function<typename of::priv::callable_traits<TFunction>::function_type>(function),priority)->id);
                                                     ^
../../../../libs/openFrameworks/events/ofEvent.h:713:127: error: expected ‘(’ before ‘>’ token
    ofEvent<void,Mutex>::self->remove(*make_function(std::function<typename of::priv::callable_traits<TFunction>::function_type>(function),priority)->id);
                                                                                                                               ^
../../../../libs/openFrameworks/events/ofEvent.h: In member function ‘bool ofEvent<void, Mutex>::notify(const void*)’:
../../../../libs/openFrameworks/events/ofEvent.h:718:4: error: ‘unique_lock’ is not a member of ‘std’
    std::unique_lock<Mutex> lck(ofEvent<void,Mutex>::self->mtx);
    ^
../../../../libs/openFrameworks/events/ofEvent.h:718:26: error: expected primary-expression before ‘>’ token
    std::unique_lock<Mutex> lck(ofEvent<void,Mutex>::self->mtx);
                          ^
../../../../libs/openFrameworks/events/ofEvent.h:719:9: error: ‘functions_copy’ does not name a type
    auto functions_copy = ofEvent<void,Mutex>::self->functions;
         ^
../../../../libs/openFrameworks/events/ofEvent.h:720:4: error: ‘lck’ was not declared in this scope
    lck.unlock();
    ^
../../../../libs/openFrameworks/events/ofEvent.h:721:15: error: ISO C++ forbids declaration of ‘f’ with no type [-fpermissive]
    for(auto & f: functions_copy){
               ^
../../../../libs/openFrameworks/events/ofEvent.h:721:18: error: range-based ‘for’ loops are not allowed in C++98 mode
    for(auto & f: functions_copy){
                  ^
../../../../libs/openFrameworks/events/ofEvent.h:721:18: error: ‘functions_copy’ was not declared in this scope
../../../../libs/openFrameworks/events/ofEvent.h:722:9: error: base operand of ‘->’ is not a pointer
     if(f->notify(sender)){
         ^
../../../../libs/openFrameworks/events/ofEvent.h: In member function ‘bool ofEvent<void, Mutex>::notify()’:
../../../../libs/openFrameworks/events/ofEvent.h:732:4: error: ‘unique_lock’ is not a member of ‘std’
    std::unique_lock<Mutex> lck(ofEvent<void,Mutex>::self->mtx);
    ^
../../../../libs/openFrameworks/events/ofEvent.h:732:26: error: expected primary-expression before ‘>’ token
    std::unique_lock<Mutex> lck(ofEvent<void,Mutex>::self->mtx);
                          ^
../../../../libs/openFrameworks/events/ofEvent.h:733:9: error: ‘functions_copy’ does not name a type
    auto functions_copy = ofEvent<void,Mutex>::self->functions;
         ^
../../../../libs/openFrameworks/events/ofEvent.h:734:4: error: ‘lck’ was not declared in this scope
    lck.unlock();
    ^
../../../../libs/openFrameworks/events/ofEvent.h:735:15: error: ISO C++ forbids declaration of ‘f’ with no type [-fpermissive]
    for(auto & f: functions_copy){
               ^
../../../../libs/openFrameworks/events/ofEvent.h:735:18: error: range-based ‘for’ loops are not allowed in C++98 mode
    for(auto & f: functions_copy){
                  ^
../../../../libs/openFrameworks/events/ofEvent.h:735:18: error: ‘functions_copy’ was not declared in this scope
../../../../libs/openFrameworks/events/ofEvent.h:736:9: error: base operand of ‘->’ is not a pointer
     if(f->notify(nullptr)){
         ^
../../../../libs/openFrameworks/events/ofEvent.h:736:18: error: ‘nullptr’ was not declared in this scope
     if(f->notify(nullptr)){
                  ^
../../../../libs/openFrameworks/events/ofEvent.h: In member function ‘bool ofFastEvent<T>::notify(const void*, T&)’:
../../../../libs/openFrameworks/events/ofEvent.h:753:15: error: ISO C++ forbids declaration of ‘f’ with no type [-fpermissive]
    for(auto & f: ofFastEvent<T>::self->functions){
               ^
../../../../libs/openFrameworks/events/ofEvent.h:753:18: error: range-based ‘for’ loops are not allowed in C++98 mode
    for(auto & f: ofFastEvent<T>::self->functions){
                  ^
../../../../libs/openFrameworks/events/ofEvent.h:754:9: error: base operand of ‘->’ is not a pointer
     if(f->notify(sender, param)){
         ^
In file included from ../../../../libs/openFrameworks/events/ofEvents.h:4:0,
                 from /home/student/Assignment3/OpenISS/openFrameworks/libs/openFrameworks/utils/ofURLFileLoader.h:3,
                 from /home/student/Assignment3/OpenISS/openFrameworks/libs/openFrameworks/ofMain.h:11,
                 from main.cpp:1:
../../../../libs/openFrameworks/events/ofEventUtils.h: At global scope:
../../../../libs/openFrameworks/events/ofEventUtils.h:32:32: error: template argument 2 is invalid
 void ofAddListener(ofEvent<void> & event, ListenerClass  * listener, void (ListenerClass::*listenerMethod)(const void*), int prio=OF_EVENT_ORDER_AFTER_APP){
                                ^
../../../../libs/openFrameworks/events/ofEventUtils.h: In function ‘void ofAddListener(int&, ListenerClass*, void (ListenerClass::*)(const void*), int)’:
../../../../libs/openFrameworks/events/ofEventUtils.h:33:11: error: request for member ‘remove’ in ‘event’, which is of non-class type ‘int’
     event.remove(listener, listenerMethod, prio);
           ^
../../../../libs/openFrameworks/events/ofEventUtils.h:34:11: error: request for member ‘add’ in ‘event’, which is of non-class type ‘int’
     event.add(listener, listenerMethod, prio);
           ^
../../../../libs/openFrameworks/events/ofEventUtils.h: At global scope:
../../../../libs/openFrameworks/events/ofEventUtils.h:38:32: error: template argument 2 is invalid
 void ofAddListener(ofEvent<void> & event, ListenerClass  * listener, void (ListenerClass::*listenerMethod)(), int prio=OF_EVENT_ORDER_AFTER_APP){
                                ^
../../../../libs/openFrameworks/events/ofEventUtils.h: In function ‘void ofAddListener(int&, ListenerClass*, void (ListenerClass::*)(), int)’:
../../../../libs/openFrameworks/events/ofEventUtils.h:39:11: error: request for member ‘remove’ in ‘event’, which is of non-class type ‘int’
     event.remove(listener, listenerMethod, prio);
           ^
../../../../libs/openFrameworks/events/ofEventUtils.h:40:11: error: request for member ‘add’ in ‘event’, which is of non-class type ‘int’
     event.add(listener, listenerMethod, prio);
           ^
../../../../libs/openFrameworks/events/ofEventUtils.h: At global scope:
../../../../libs/openFrameworks/events/ofEventUtils.h:56:32: error: template argument 2 is invalid
 void ofAddListener(ofEvent<void> & event, ListenerClass  * listener, bool (ListenerClass::*listenerMethod)(const void*), int prio=OF_EVENT_ORDER_AFTER_APP){
                                ^
../../../../libs/openFrameworks/events/ofEventUtils.h: In function ‘void ofAddListener(int&, ListenerClass*, bool (ListenerClass::*)(const void*), int)’:
../../../../libs/openFrameworks/events/ofEventUtils.h:57:11: error: request for member ‘remove’ in ‘event’, which is of non-class type ‘int’
     event.remove(listener, listenerMethod, prio);
           ^
../../../../libs/openFrameworks/events/ofEventUtils.h:58:11: error: request for member ‘add’ in ‘event’, which is of non-class type ‘int’
     event.add(listener, listenerMethod, prio);
           ^
../../../../libs/openFrameworks/events/ofEventUtils.h: At global scope:
../../../../libs/openFrameworks/events/ofEventUtils.h:62:32: error: template argument 2 is invalid
 void ofAddListener(ofEvent<void> & event, ListenerClass  * listener, bool (ListenerClass::*listenerMethod)(), int prio=OF_EVENT_ORDER_AFTER_APP){
                                ^
../../../../libs/openFrameworks/events/ofEventUtils.h: In function ‘void ofAddListener(int&, ListenerClass*, bool (ListenerClass::*)(), int)’:
../../../../libs/openFrameworks/events/ofEventUtils.h:63:11: error: request for member ‘remove’ in ‘event’, which is of non-class type ‘int’
     event.remove(listener, listenerMethod, prio);
           ^
../../../../libs/openFrameworks/events/ofEventUtils.h:64:11: error: request for member ‘add’ in ‘event’, which is of non-class type ‘int’
     event.add(listener, listenerMethod, prio);
           ^
../../../../libs/openFrameworks/events/ofEventUtils.h: At global scope:
../../../../libs/openFrameworks/events/ofEventUtils.h:79:39: error: template argument 2 is invalid
 inline void ofAddListener(ofEvent<void> & event, void (*listenerFunction)(const void*), int prio=OF_EVENT_ORDER_AFTER_APP){
                                       ^
../../../../libs/openFrameworks/events/ofEventUtils.h: In function ‘void ofAddListener(int&, void (*)(const void*), int)’:
../../../../libs/openFrameworks/events/ofEventUtils.h:80:11: error: request for member ‘remove’ in ‘event’, which is of non-class type ‘int’
     event.remove(listenerFunction, prio);
           ^
../../../../libs/openFrameworks/events/ofEventUtils.h:81:11: error: request for member ‘add’ in ‘event’, which is of non-class type ‘int’
     event.add(listenerFunction, prio);
           ^
../../../../libs/openFrameworks/events/ofEventUtils.h: At global scope:
../../../../libs/openFrameworks/events/ofEventUtils.h:84:39: error: template argument 2 is invalid
 inline void ofAddListener(ofEvent<void> & event, void (*listenerFunction)(), int prio=OF_EVENT_ORDER_AFTER_APP){
                                       ^
../../../../libs/openFrameworks/events/ofEventUtils.h: In function ‘void ofAddListener(int&, void (*)(), int)’:
../../../../libs/openFrameworks/events/ofEventUtils.h:85:11: error: request for member ‘remove’ in ‘event’, which is of non-class type ‘int’
     event.remove(listenerFunction, prio);
           ^
../../../../libs/openFrameworks/events/ofEventUtils.h:86:11: error: request for member ‘add’ in ‘event’, which is of non-class type ‘int’
     event.add(listenerFunction, prio);
           ^
../../../../libs/openFrameworks/events/ofEventUtils.h: At global scope:
../../../../libs/openFrameworks/events/ofEventUtils.h:101:39: error: template argument 2 is invalid
 inline void ofAddListener(ofEvent<void> & event, bool (*listenerFunction)(const void*), int prio=OF_EVENT_ORDER_AFTER_APP){
                                       ^
../../../../libs/openFrameworks/events/ofEventUtils.h: In function ‘void ofAddListener(int&, bool (*)(const void*), int)’:
../../../../libs/openFrameworks/events/ofEventUtils.h:102:11: error: request for member ‘remove’ in ‘event’, which is of non-class type ‘int’
     event.remove(*listenerFunction, prio);
           ^
../../../../libs/openFrameworks/events/ofEventUtils.h:103:11: error: request for member ‘add’ in ‘event’, which is of non-class type ‘int’
     event.add(*listenerFunction, prio);
           ^
../../../../libs/openFrameworks/events/ofEventUtils.h: At global scope:
../../../../libs/openFrameworks/events/ofEventUtils.h:106:39: error: template argument 2 is invalid
 inline void ofAddListener(ofEvent<void> & event, bool (*listenerFunction)(), int prio=OF_EVENT_ORDER_AFTER_APP){
                                       ^
../../../../libs/openFrameworks/events/ofEventUtils.h: In function ‘void ofAddListener(int&, bool (*)(), int)’:
../../../../libs/openFrameworks/events/ofEventUtils.h:107:11: error: request for member ‘remove’ in ‘event’, which is of non-class type ‘int’
     event.remove(listenerFunction, prio);
           ^
../../../../libs/openFrameworks/events/ofEventUtils.h:108:11: error: request for member ‘add’ in ‘event’, which is of non-class type ‘int’
     event.add(listenerFunction, prio);
           ^
../../../../libs/openFrameworks/events/ofEventUtils.h: At global scope:
../../../../libs/openFrameworks/events/ofEventUtils.h:131:35: error: template argument 2 is invalid
 void ofRemoveListener(ofEvent<void> & event, ListenerClass  * listener, void (ListenerClass::*listenerMethod)(const void*), int prio=OF_EVENT_ORDER_AFTER_APP){
                                   ^
../../../../libs/openFrameworks/events/ofEventUtils.h: In function ‘void ofRemoveListener(int&, ListenerClass*, void (ListenerClass::*)(const void*), int)’:
../../../../libs/openFrameworks/events/ofEventUtils.h:132:11: error: request for member ‘remove’ in ‘event’, which is of non-class type ‘int’
     event.remove(listener, listenerMethod, prio);
           ^
../../../../libs/openFrameworks/events/ofEventUtils.h: At global scope:
../../../../libs/openFrameworks/events/ofEventUtils.h:136:35: error: template argument 2 is invalid
 void ofRemoveListener(ofEvent<void> & event, ListenerClass  * listener, void (ListenerClass::*listenerMethod)(), int prio=OF_EVENT_ORDER_AFTER_APP){
                                   ^
../../../../libs/openFrameworks/events/ofEventUtils.h: In function ‘void ofRemoveListener(int&, ListenerClass*, void (ListenerClass::*)(), int)’:
../../../../libs/openFrameworks/events/ofEventUtils.h:137:11: error: request for member ‘remove’ in ‘event’, which is of non-class type ‘int’
     event.remove(listener, listenerMethod, prio);
           ^
../../../../libs/openFrameworks/events/ofEventUtils.h: At global scope:
../../../../libs/openFrameworks/events/ofEventUtils.h:151:35: error: template argument 2 is invalid
 void ofRemoveListener(ofEvent<void> & event, ListenerClass  * listener, bool (ListenerClass::*listenerMethod)(const void*), int prio=OF_EVENT_ORDER_AFTER_APP){
                                   ^
../../../../libs/openFrameworks/events/ofEventUtils.h: In function ‘void ofRemoveListener(int&, ListenerClass*, bool (ListenerClass::*)(const void*), int)’:
../../../../libs/openFrameworks/events/ofEventUtils.h:152:11: error: request for member ‘remove’ in ‘event’, which is of non-class type ‘int’
     event.remove(listener, listenerMethod, prio);
           ^
../../../../libs/openFrameworks/events/ofEventUtils.h: At global scope:
../../../../libs/openFrameworks/events/ofEventUtils.h:156:35: error: template argument 2 is invalid
 void ofRemoveListener(ofEvent<void> & event, ListenerClass  * listener, bool (ListenerClass::*listenerMethod)(), int prio=OF_EVENT_ORDER_AFTER_APP){
                                   ^
../../../../libs/openFrameworks/events/ofEventUtils.h: In function ‘void ofRemoveListener(int&, ListenerClass*, bool (ListenerClass::*)(), int)’:
../../../../libs/openFrameworks/events/ofEventUtils.h:157:11: error: request for member ‘remove’ in ‘event’, which is of non-class type ‘int’
     event.remove(listener, listenerMethod, prio);
           ^
../../../../libs/openFrameworks/events/ofEventUtils.h: At global scope:
../../../../libs/openFrameworks/events/ofEventUtils.h:170:42: error: template argument 2 is invalid
 inline void ofRemoveListener(ofEvent<void> & event, void (*listenerFunction)(const void*), int prio=OF_EVENT_ORDER_AFTER_APP){
                                          ^
../../../../libs/openFrameworks/events/ofEventUtils.h: In function ‘void ofRemoveListener(int&, void (*)(const void*), int)’:
../../../../libs/openFrameworks/events/ofEventUtils.h:171:11: error: request for member ‘remove’ in ‘event’, which is of non-class type ‘int’
     event.remove(listenerFunction, prio);
           ^
../../../../libs/openFrameworks/events/ofEventUtils.h: At global scope:
../../../../libs/openFrameworks/events/ofEventUtils.h:174:42: error: template argument 2 is invalid
 inline void ofRemoveListener(ofEvent<void> & event, void (*listenerFunction)(), int prio=OF_EVENT_ORDER_AFTER_APP){
                                          ^
../../../../libs/openFrameworks/events/ofEventUtils.h: In function ‘void ofRemoveListener(int&, void (*)(), int)’:
../../../../libs/openFrameworks/events/ofEventUtils.h:175:11: error: request for member ‘remove’ in ‘event’, which is of non-class type ‘int’
     event.remove(listenerFunction, prio);
           ^
../../../../libs/openFrameworks/events/ofEventUtils.h: At global scope:
../../../../libs/openFrameworks/events/ofEventUtils.h:188:42: error: template argument 2 is invalid
 inline void ofRemoveListener(ofEvent<void> & event, bool (*listenerFunction)(const void*), int prio=OF_EVENT_ORDER_AFTER_APP){
                                          ^
../../../../libs/openFrameworks/events/ofEventUtils.h: In function ‘void ofRemoveListener(int&, bool (*)(const void*), int)’:
../../../../libs/openFrameworks/events/ofEventUtils.h:189:11: error: request for member ‘remove’ in ‘event’, which is of non-class type ‘int’
     event.remove(listenerFunction, prio);
           ^
../../../../libs/openFrameworks/events/ofEventUtils.h: At global scope:
../../../../libs/openFrameworks/events/ofEventUtils.h:192:42: error: template argument 2 is invalid
 inline void ofRemoveListener(ofEvent<void> & event, bool (*listenerFunction)(), int prio=OF_EVENT_ORDER_AFTER_APP){
                                          ^
../../../../libs/openFrameworks/events/ofEventUtils.h: In function ‘void ofRemoveListener(int&, bool (*)(), int)’:
../../../../libs/openFrameworks/events/ofEventUtils.h:193:11: error: request for member ‘remove’ in ‘event’, which is of non-class type ‘int’
     event.remove(listenerFunction, prio);
           ^
../../../../libs/openFrameworks/events/ofEventUtils.h: At global scope:
../../../../libs/openFrameworks/events/ofEventUtils.h:228:39: error: template argument 2 is invalid
 inline bool ofNotifyEvent(ofEvent<void> & event, SenderType * sender){
                                       ^
../../../../libs/openFrameworks/events/ofEventUtils.h: In function ‘bool ofNotifyEvent(int&, SenderType*)’:
../../../../libs/openFrameworks/events/ofEventUtils.h:229:15: error: request for member ‘notify’ in ‘event’, which is of non-class type ‘int’
  return event.notify(sender);
               ^
../../../../libs/openFrameworks/events/ofEventUtils.h: At global scope:
../../../../libs/openFrameworks/events/ofEventUtils.h:232:39: error: template argument 2 is invalid
 inline bool ofNotifyEvent(ofEvent<void> & event){
                                       ^
../../../../libs/openFrameworks/events/ofEventUtils.h: In function ‘bool ofNotifyEvent(int&)’:
../../../../libs/openFrameworks/events/ofEventUtils.h:233:15: error: request for member ‘notify’ in ‘event’, which is of non-class type ‘int’
  return event.notify();
               ^
In file included from /home/student/Assignment3/OpenISS/openFrameworks/libs/openFrameworks/utils/ofTimer.h:3:0,
                 from ../../../../libs/openFrameworks/events/ofEvents.h:5,
                 from /home/student/Assignment3/OpenISS/openFrameworks/libs/openFrameworks/utils/ofURLFileLoader.h:3,
                 from /home/student/Assignment3/OpenISS/openFrameworks/libs/openFrameworks/ofMain.h:11,
                 from main.cpp:1:
/home/student/Assignment3/OpenISS/openFrameworks/libs/openFrameworks/utils/ofUtils.h: At global scope:
/home/student/Assignment3/OpenISS/openFrameworks/libs/openFrameworks/utils/ofUtils.h:87:21: warning: non-static data member initializers only available with -std=c++11 or -std=gnu++11 [enabled by default]
  uint64_t seconds = 0;
                     ^
/home/student/Assignment3/OpenISS/openFrameworks/libs/openFrameworks/utils/ofUtils.h:88:25: warning: non-static data member initializers only available with -std=c++11 or -std=gnu++11 [enabled by default]
  uint64_t nanoseconds = 0;
                         ^
/home/student/Assignment3/OpenISS/openFrameworks/libs/openFrameworks/utils/ofUtils.h:93:11: warning: non-static data member initializers only available with -std=c++11 or -std=gnu++11 [enabled by default]
  } mode = System;
           ^
/home/student/Assignment3/OpenISS/openFrameworks/libs/openFrameworks/utils/ofUtils.h:103:2: error: ‘chrono’ in namespace ‘std’ does not name a type
  std::chrono::time_point<std::chrono::nanoseconds> getAsTimePoint() const;
  ^
/home/student/Assignment3/OpenISS/openFrameworks/libs/openFrameworks/utils/ofUtils.h:104:2: error: ‘chrono’ in namespace ‘std’ does not name a type
  std::chrono::nanoseconds operator-(const ofTime&) const;
  ^
/home/student/Assignment3/OpenISS/openFrameworks/libs/openFrameworks/utils/ofUtils.h:111:25: error: ‘chrono’ in namespace ‘std’ does not name a type
  ofTime operator+(const std::chrono::duration<rep,ratio> & duration) const{
                         ^
/home/student/Assignment3/OpenISS/openFrameworks/libs/openFrameworks/utils/ofUtils.h:111:46: error: expected unqualified-id before ‘<’ token
  ofTime operator+(const std::chrono::duration<rep,ratio> & duration) const{
                                              ^
/home/student/Assignment3/OpenISS/openFrameworks/libs/openFrameworks/utils/ofUtils.h:111:46: error: expected ‘)’ before ‘<’ token
/home/student/Assignment3/OpenISS/openFrameworks/libs/openFrameworks/utils/ofUtils.h:111:46: error: expected initializer before ‘<’ token
/home/student/Assignment3/OpenISS/openFrameworks/libs/openFrameworks/utils/ofUtils.h:125:27: error: ‘chrono’ in namespace ‘std’ does not name a type
  ofTime &operator+=(const std::chrono::duration<rep,ratio> & duration){
                           ^
/home/student/Assignment3/OpenISS/openFrameworks/libs/openFrameworks/utils/ofUtils.h:125:48: error: expected unqualified-id before ‘<’ token
  ofTime &operator+=(const std::chrono::duration<rep,ratio> & duration){
                                                ^
/home/student/Assignment3/OpenISS/openFrameworks/libs/openFrameworks/utils/ofUtils.h:125:48: error: expected ‘)’ before ‘<’ token
/home/student/Assignment3/OpenISS/openFrameworks/libs/openFrameworks/utils/ofUtils.h:125:48: error: expected initializer before ‘<’ token
In file included from ../../../../libs/openFrameworks/events/ofEvents.h:5:0,
                 from /home/student/Assignment3/OpenISS/openFrameworks/libs/openFrameworks/utils/ofURLFileLoader.h:3,
                 from /home/student/Assignment3/OpenISS/openFrameworks/libs/openFrameworks/ofMain.h:11,
                 from main.cpp:1:
/home/student/Assignment3/OpenISS/openFrameworks/libs/openFrameworks/utils/ofTimer.h:25:2: error: ‘chrono’ in namespace ‘std’ does not name a type
  std::chrono::nanoseconds nanosPerPeriod;
  ^
In file included from ../../../../libs/openFrameworks/events/ofEvents.h:6:0,
                 from /home/student/Assignment3/OpenISS/openFrameworks/libs/openFrameworks/utils/ofURLFileLoader.h:3,
                 from /home/student/Assignment3/OpenISS/openFrameworks/libs/openFrameworks/ofMain.h:11,
                 from main.cpp:1:
/home/student/Assignment3/OpenISS/openFrameworks/libs/openFrameworks/utils/ofFpsCounter.h:32:2: error: ‘chrono’ in namespace ‘std’ does not name a type
  std::chrono::nanoseconds lastFrameTime;
  ^
/home/student/Assignment3/OpenISS/openFrameworks/libs/openFrameworks/utils/ofFpsCounter.h:33:2: error: ‘chrono’ in namespace ‘std’ does not name a type
  std::chrono::nanoseconds filteredTime;
  ^
In file included from /home/student/Assignment3/OpenISS/openFrameworks/libs/openFrameworks/utils/ofURLFileLoader.h:3:0,
                 from /home/student/Assignment3/OpenISS/openFrameworks/libs/openFrameworks/ofMain.h:11,
                 from main.cpp:1:
../../../../libs/openFrameworks/events/ofEvents.h:169:18: warning: non-static data member initializers only available with -std=c++11 or -std=gnu++11 [enabled by default]
  int modifiers = 0;
                  ^
../../../../libs/openFrameworks/events/ofEvents.h:225:18: warning: non-static data member initializers only available with -std=c++11 or -std=gnu++11 [enabled by default]
  int modifiers = 0;
                  ^
../../../../libs/openFrameworks/events/ofEvents.h:329:21: error: template argument 2 is invalid
  ofEvent<ofEventArgs>   setup;
                     ^
../../../../libs/openFrameworks/events/ofEvents.h:330:21: error: template argument 2 is invalid
  ofEvent<ofEventArgs>   update;
                     ^
../../../../libs/openFrameworks/events/ofEvents.h:331:21: error: template argument 2 is invalid
  ofEvent<ofEventArgs>   draw;
                     ^
../../../../libs/openFrameworks/events/ofEvents.h:332:21: error: template argument 2 is invalid
  ofEvent<ofEventArgs>   exit;
                     ^
../../../../libs/openFrameworks/events/ofEvents.h:334:27: error: template argument 2 is invalid
  ofEvent<ofResizeEventArgs>  windowResized;
                           ^
../../../../libs/openFrameworks/events/ofEvents.h:335:30: error: template argument 2 is invalid
  ofEvent<ofWindowPosEventArgs>  windowMoved;
                              ^
../../../../libs/openFrameworks/events/ofEvents.h:337:24: error: template argument 2 is invalid
  ofEvent<ofKeyEventArgs>  keyPressed;
                        ^
../../../../libs/openFrameworks/events/ofEvents.h:338:24: error: template argument 2 is invalid
  ofEvent<ofKeyEventArgs>  keyReleased;
                        ^
../../../../libs/openFrameworks/events/ofEvents.h:340:26: error: template argument 2 is invalid
  ofEvent<ofMouseEventArgs>  mouseMoved;
                          ^
../../../../libs/openFrameworks/events/ofEvents.h:341:26: error: template argument 2 is invalid
  ofEvent<ofMouseEventArgs>  mouseDragged;
                          ^
../../../../libs/openFrameworks/events/ofEvents.h:342:26: error: template argument 2 is invalid
  ofEvent<ofMouseEventArgs>  mousePressed;
                          ^
../../../../libs/openFrameworks/events/ofEvents.h:343:26: error: template argument 2 is invalid
  ofEvent<ofMouseEventArgs>  mouseReleased;
                          ^
../../../../libs/openFrameworks/events/ofEvents.h:344:26: error: template argument 2 is invalid
  ofEvent<ofMouseEventArgs>  mouseScrolled;
                          ^
../../../../libs/openFrameworks/events/ofEvents.h:345:26: error: template argument 2 is invalid
  ofEvent<ofMouseEventArgs>  mouseEntered;
                          ^
../../../../libs/openFrameworks/events/ofEvents.h:346:26: error: template argument 2 is invalid
  ofEvent<ofMouseEventArgs>  mouseExited;
                          ^
../../../../libs/openFrameworks/events/ofEvents.h:348:26: error: template argument 2 is invalid
  ofEvent<ofTouchEventArgs> touchDown;
                          ^
../../../../libs/openFrameworks/events/ofEvents.h:349:26: error: template argument 2 is invalid
  ofEvent<ofTouchEventArgs> touchUp;
                          ^
../../../../libs/openFrameworks/events/ofEvents.h:350:26: error: template argument 2 is invalid
  ofEvent<ofTouchEventArgs> touchMoved;
                          ^
../../../../libs/openFrameworks/events/ofEvents.h:351:26: error: template argument 2 is invalid
  ofEvent<ofTouchEventArgs> touchDoubleTap;
                          ^
../../../../libs/openFrameworks/events/ofEvents.h:352:26: error: template argument 2 is invalid
  ofEvent<ofTouchEventArgs> touchCancelled;
                          ^
../../../../libs/openFrameworks/events/ofEvents.h:354:19: error: template argument 2 is invalid
  ofEvent<ofMessage>   messageEvent;
                   ^
../../../../libs/openFrameworks/events/ofEvents.h:355:20: error: template argument 2 is invalid
  ofEvent<ofDragInfo>   fileDragEvent;
                    ^
../../../../libs/openFrameworks/events/ofEvents.h:356:18: error: template argument 2 is invalid
  ofEvent<uint32_t>   charEvent;
                  ^
../../../../libs/openFrameworks/events/ofEvents.h:421:18: warning: non-static data member initializers only available with -std=c++11 or -std=gnu++11 [enabled by default]
  int modifiers = 0;
                  ^
../../../../libs/openFrameworks/events/ofEvents.h:427:15: warning: non-static data member initializers only available with -std=c++11 or -std=gnu++11 [enabled by default]
  } timeMode = System;
               ^
../../../../libs/openFrameworks/events/ofEvents.h:428:2: error: ‘chrono’ in namespace ‘std’ does not name a type
  std::chrono::nanoseconds fixedRateTimeNanos;
  ^
In file included from /home/student/Assignment3/OpenISS/openFrameworks/libs/openFrameworks/ofMain.h:11:0,
                 from main.cpp:1:
/home/student/Assignment3/OpenISS/openFrameworks/libs/openFrameworks/utils/ofURLFileLoader.h:22:2: error: ‘function’ in namespace ‘std’ does not name a type
  std::function<void(const ofHttpResponse&)> done;
  ^
/home/student/Assignment3/OpenISS/openFrameworks/libs/openFrameworks/utils/ofURLFileLoader.h:23:42: warning: non-static data member initializers only available with -std=c++11 or -std=gnu++11 [enabled by default]
     size_t              timeoutSeconds = 0;
                                          ^
/home/student/Assignment3/OpenISS/openFrameworks/libs/openFrameworks/utils/ofURLFileLoader.h:96:23: error: template argument 2 is invalid
 ofEvent<ofHttpResponse> & ofURLResponseEvent();
                       ^
/home/student/Assignment3/OpenISS/openFrameworks/libs/openFrameworks/utils/ofURLFileLoader.h:96:47: error: invalid type in declaration before ‘;’ token
 ofEvent<ofHttpResponse> & ofURLResponseEvent();
                                               ^
/home/student/Assignment3/OpenISS/openFrameworks/libs/openFrameworks/utils/ofURLFileLoader.h:165:2: error: ‘shared_ptr’ in namespace ‘std’ does not name a type
  std::shared_ptr<ofBaseURLFileLoader> impl;
  ^
In file included from /home/student/Assignment3/OpenISS/openFrameworks/libs/openFrameworks/ofMain.h:16:0,
                 from main.cpp:1:
/home/student/Assignment3/OpenISS/openFrameworks/libs/openFrameworks/utils/ofThread.h:80:5: error: ‘thread’ in namespace ‘std’ does not name a type
     std::thread::id getThreadId() const;
     ^
/home/student/Assignment3/OpenISS/openFrameworks/libs/openFrameworks/utils/ofThread.h:258:5: error: ‘thread’ in namespace ‘std’ does not name a type
     std::thread& getNativeThread();
     ^
/home/student/Assignment3/OpenISS/openFrameworks/libs/openFrameworks/utils/ofThread.h:267:11: error: ‘thread’ in namespace ‘std’ does not name a type
     const std::thread & getNativeThread() const;
           ^
/home/student/Assignment3/OpenISS/openFrameworks/libs/openFrameworks/utils/ofThread.h:315:5: error: ‘thread’ in namespace ‘std’ does not name a type
     std::thread thread;
     ^
/home/student/Assignment3/OpenISS/openFrameworks/libs/openFrameworks/utils/ofThread.h:324:13: error: ‘mutex’ in namespace ‘std’ does not name a type
     mutable std::mutex mutex;
             ^
/home/student/Assignment3/OpenISS/openFrameworks/libs/openFrameworks/utils/ofThread.h:338:5: error: ‘condition_variable’ in namespace ‘std’ does not name a type
     std::condition_variable condition;
     ^
In file included from /home/student/Assignment3/OpenISS/openFrameworks/libs/openFrameworks/ofMain.h:17:0,
                 from main.cpp:1:
/home/student/Assignment3/OpenISS/openFrameworks/libs/openFrameworks/utils/ofThreadChannel.h:249:14: error: expected ‘,’ or ‘...’ before ‘&&’ token
  bool send(T && value){
              ^
/home/student/Assignment3/OpenISS/openFrameworks/libs/openFrameworks/utils/ofThreadChannel.h:286:2: error: ‘mutex’ in namespace ‘std’ does not name a type
  std::mutex mutex;
  ^
/home/student/Assignment3/OpenISS/openFrameworks/libs/openFrameworks/utils/ofThreadChannel.h:289:2: error: ‘condition_variable’ in namespace ‘std’ does not name a type
  std::condition_variable condition;
  ^
/home/student/Assignment3/OpenISS/openFrameworks/libs/openFrameworks/utils/ofThreadChannel.h: In member function ‘bool ofThreadChannel<T>::receive(T&)’:
/home/student/Assignment3/OpenISS/openFrameworks/libs/openFrameworks/utils/ofThreadChannel.h:69:3: error: ‘unique_lock’ is not a member of ‘std’
   std::unique_lock<std::mutex> lock(mutex);
   ^
/home/student/Assignment3/OpenISS/openFrameworks/libs/openFrameworks/utils/ofThreadChannel.h:69:20: error: ‘mutex’ is not a member of ‘std’
   std::unique_lock<std::mutex> lock(mutex);
                    ^
/home/student/Assignment3/OpenISS/openFrameworks/libs/openFrameworks/utils/ofThreadChannel.h:69:37: error: ‘mutex’ was not declared in this scope
   std::unique_lock<std::mutex> lock(mutex);
                                     ^
/home/student/Assignment3/OpenISS/openFrameworks/libs/openFrameworks/utils/ofThreadChannel.h:69:42: error: there are no arguments to ‘lock’ that depend on a template parameter, so a declaration of ‘lock’ must be available [-fpermissive]
   std::unique_lock<std::mutex> lock(mutex);
                                          ^
/home/student/Assignment3/OpenISS/openFrameworks/libs/openFrameworks/utils/ofThreadChannel.h:74:4: error: ‘condition’ was not declared in this scope
    condition.wait(lock);
    ^
/home/student/Assignment3/OpenISS/openFrameworks/libs/openFrameworks/utils/ofThreadChannel.h:74:19: error: ‘lock’ was not declared in this scope
    condition.wait(lock);
                   ^
/home/student/Assignment3/OpenISS/openFrameworks/libs/openFrameworks/utils/ofThreadChannel.h: In member function ‘bool ofThreadChannel<T>::tryReceive(T&)’:
/home/student/Assignment3/OpenISS/openFrameworks/libs/openFrameworks/utils/ofThreadChannel.h:116:3: error: ‘unique_lock’ is not a member of ‘std’
   std::unique_lock<std::mutex> lock(mutex);
   ^
/home/student/Assignment3/OpenISS/openFrameworks/libs/openFrameworks/utils/ofThreadChannel.h:116:20: error: ‘mutex’ is not a member of ‘std’
   std::unique_lock<std::mutex> lock(mutex);
                    ^
/home/student/Assignment3/OpenISS/openFrameworks/libs/openFrameworks/utils/ofThreadChannel.h:116:37: error: ‘mutex’ was not declared in this scope
   std::unique_lock<std::mutex> lock(mutex);
                                     ^
/home/student/Assignment3/OpenISS/openFrameworks/libs/openFrameworks/utils/ofThreadChannel.h:116:42: error: there are no arguments to ‘lock’ that depend on a template parameter, so a declaration of ‘lock’ must be available [-fpermissive]
   std::unique_lock<std::mutex> lock(mutex);
                                          ^
/home/student/Assignment3/OpenISS/openFrameworks/libs/openFrameworks/utils/ofThreadChannel.h: In member function ‘bool ofThreadChannel<T>::tryReceive(T&, int64_t)’:
/home/student/Assignment3/OpenISS/openFrameworks/libs/openFrameworks/utils/ofThreadChannel.h:162:3: error: ‘unique_lock’ is not a member of ‘std’
   std::unique_lock<std::mutex> lock(mutex);
   ^
/home/student/Assignment3/OpenISS/openFrameworks/libs/openFrameworks/utils/ofThreadChannel.h:162:20: error: ‘mutex’ is not a member of ‘std’
   std::unique_lock<std::mutex> lock(mutex);
                    ^
/home/student/Assignment3/OpenISS/openFrameworks/libs/openFrameworks/utils/ofThreadChannel.h:162:37: error: ‘mutex’ was not declared in this scope
   std::unique_lock<std::mutex> lock(mutex);
                                     ^
/home/student/Assignment3/OpenISS/openFrameworks/libs/openFrameworks/utils/ofThreadChannel.h:162:42: error: there are no arguments to ‘lock’ that depend on a template parameter, so a declaration of ‘lock’ must be available [-fpermissive]
   std::unique_lock<std::mutex> lock(mutex);
                                          ^
/home/student/Assignment3/OpenISS/openFrameworks/libs/openFrameworks/utils/ofThreadChannel.h:167:4: error: ‘condition’ was not declared in this scope
    condition.wait_for(lock, std::chrono::milliseconds(timeoutMs));
    ^
/home/student/Assignment3/OpenISS/openFrameworks/libs/openFrameworks/utils/ofThreadChannel.h:167:23: error: ‘lock’ was not declared in this scope
    condition.wait_for(lock, std::chrono::milliseconds(timeoutMs));
                       ^
/home/student/Assignment3/OpenISS/openFrameworks/libs/openFrameworks/utils/ofThreadChannel.h:167:34: error: ‘std::chrono’ has not been declared
    condition.wait_for(lock, std::chrono::milliseconds(timeoutMs));
                                  ^
/home/student/Assignment3/OpenISS/openFrameworks/libs/openFrameworks/utils/ofThreadChannel.h: In member function ‘bool ofThreadChannel<T>::send(const T&)’:
/home/student/Assignment3/OpenISS/openFrameworks/libs/openFrameworks/utils/ofThreadChannel.h:209:3: error: ‘unique_lock’ is not a member of ‘std’
   std::unique_lock<std::mutex> lock(mutex);
   ^
/home/student/Assignment3/OpenISS/openFrameworks/libs/openFrameworks/utils/ofThreadChannel.h:209:20: error: ‘mutex’ is not a member of ‘std’
   std::unique_lock<std::mutex> lock(mutex);
                    ^
/home/student/Assignment3/OpenISS/openFrameworks/libs/openFrameworks/utils/ofThreadChannel.h:209:37: error: ‘mutex’ was not declared in this scope
   std::unique_lock<std::mutex> lock(mutex);
                                     ^
/home/student/Assignment3/OpenISS/openFrameworks/libs/openFrameworks/utils/ofThreadChannel.h:209:42: error: there are no arguments to ‘lock’ that depend on a template parameter, so a declaration of ‘lock’ must be available [-fpermissive]
   std::unique_lock<std::mutex> lock(mutex);
                                          ^
/home/student/Assignment3/OpenISS/openFrameworks/libs/openFrameworks/utils/ofThreadChannel.h:214:9: error: ‘condition’ was not declared in this scope
         condition.notify_one();
         ^
/home/student/Assignment3/OpenISS/openFrameworks/libs/openFrameworks/utils/ofThreadChannel.h: In member function ‘bool ofThreadChannel<T>::send(T)’:
/home/student/Assignment3/OpenISS/openFrameworks/libs/openFrameworks/utils/ofThreadChannel.h:250:3: error: ‘unique_lock’ is not a member of ‘std’
   std::unique_lock<std::mutex> lock(mutex);
   ^
/home/student/Assignment3/OpenISS/openFrameworks/libs/openFrameworks/utils/ofThreadChannel.h:250:20: error: ‘mutex’ is not a member of ‘std’
   std::unique_lock<std::mutex> lock(mutex);
                    ^
/home/student/Assignment3/OpenISS/openFrameworks/libs/openFrameworks/utils/ofThreadChannel.h:250:37: error: ‘mutex’ was not declared in this scope
   std::unique_lock<std::mutex> lock(mutex);
                                     ^
/home/student/Assignment3/OpenISS/openFrameworks/libs/openFrameworks/utils/ofThreadChannel.h:250:42: error: there are no arguments to ‘lock’ that depend on a template parameter, so a declaration of ‘lock’ must be available [-fpermissive]
   std::unique_lock<std::mutex> lock(mutex);
                                          ^
/home/student/Assignment3/OpenISS/openFrameworks/libs/openFrameworks/utils/ofThreadChannel.h:254:14: error: ‘move’ is not a member of ‘std’
   queue.push(std::move(value));
              ^
/home/student/Assignment3/OpenISS/openFrameworks/libs/openFrameworks/utils/ofThreadChannel.h:254:24: error: ‘value’ was not declared in this scope
   queue.push(std::move(value));
                        ^
/home/student/Assignment3/OpenISS/openFrameworks/libs/openFrameworks/utils/ofThreadChannel.h:255:9: error: ‘condition’ was not declared in this scope
         condition.notify_one();
         ^
/home/student/Assignment3/OpenISS/openFrameworks/libs/openFrameworks/utils/ofThreadChannel.h: In member function ‘void ofThreadChannel<T>::close()’:
/home/student/Assignment3/OpenISS/openFrameworks/libs/openFrameworks/utils/ofThreadChannel.h:266:3: error: ‘unique_lock’ is not a member of ‘std’
   std::unique_lock<std::mutex> lock(mutex);
   ^
/home/student/Assignment3/OpenISS/openFrameworks/libs/openFrameworks/utils/ofThreadChannel.h:266:20: error: ‘mutex’ is not a member of ‘std’
   std::unique_lock<std::mutex> lock(mutex);
                    ^
/home/student/Assignment3/OpenISS/openFrameworks/libs/openFrameworks/utils/ofThreadChannel.h:266:37: error: ‘mutex’ was not declared in this scope
   std::unique_lock<std::mutex> lock(mutex);
                                     ^
/home/student/Assignment3/OpenISS/openFrameworks/libs/openFrameworks/utils/ofThreadChannel.h:266:42: error: there are no arguments to ‘lock’ that depend on a template parameter, so a declaration of ‘lock’ must be available [-fpermissive]
   std::unique_lock<std::mutex> lock(mutex);
                                          ^
/home/student/Assignment3/OpenISS/openFrameworks/libs/openFrameworks/utils/ofThreadChannel.h:268:3: error: ‘condition’ was not declared in this scope
   condition.notify_all();
   ^
In file included from /home/student/Assignment3/OpenISS/openFrameworks/libs/openFrameworks/utils/ofJson.h:3:0,
                 from /home/student/Assignment3/OpenISS/openFrameworks/libs/openFrameworks/ofMain.h:21,
                 from main.cpp:1:
../../../../libs/json/include/json.hpp: At global scope:
../../../../libs/json/include/json.hpp:149:1: warning: scoped enums only available with -std=c++11 or -std=gnu++11 [enabled by default]
 enum class value_t : uint8_t
 ^
../../../../libs/json/include/json.hpp:149:22: warning: scoped enums only available with -std=c++11 or -std=gnu++11 [enabled by default]
 enum class value_t : uint8_t
                      ^
../../../../libs/json/include/json.hpp:171:61: error: expected initializer before ‘noexcept’
 inline bool operator<(const value_t lhs, const value_t rhs) noexcept
                                                             ^
In file included from /home/student/Assignment3/OpenISS/openFrameworks/libs/openFrameworks/utils/ofJson.h:3:0,
                 from /home/student/Assignment3/OpenISS/openFrameworks/libs/openFrameworks/ofMain.h:21,
                 from main.cpp:1:
../../../../libs/json/include/json.hpp:12994:31: error: expected ‘}’ before end of line
     #pragma GCC diagnostic pop
                               ^
../../../../libs/json/include/json.hpp:12994:31: error: expected ‘}’ before end of line
../../../../libs/json/include/json.hpp:12994:31: error: expected declaration before end of line
